2025-04-23 10:10:01,614 INFO: Using device: cpu
2025-04-23 10:10:15,053 INFO: Using device: cpu
2025-04-23 10:15:21,052 INFO: Using device: cpu
2025-04-23 10:22:00,841 INFO: Using device: cpu
2025-04-23 10:24:09,157 INFO: Using device: cpu
2025-04-23 10:25:54,015 INFO: Using device: cpu
2025-04-23 10:27:45,625 INFO: Using device: cpu
2025-04-23 10:27:57,121 INFO: Epoch 1/50  Train Loss: 1.7909  Val   Loss: 1.7681  Val   Acc:  0.2577
2025-04-23 10:27:57,140 INFO: Saved best model to ../models/best_policy_net.pt
2025-04-23 10:28:08,422 INFO: Epoch 2/50  Train Loss: 1.7121  Val   Loss: 1.7361  Val   Acc:  0.2932
2025-04-23 10:28:08,434 INFO: Saved best model to ../models/best_policy_net.pt
2025-04-23 10:28:20,731 INFO: Epoch 3/50  Train Loss: 1.6607  Val   Loss: 1.7236  Val   Acc:  0.3007
2025-04-23 10:28:20,746 INFO: Saved best model to ../models/best_policy_net.pt
2025-04-23 10:28:34,162 INFO: Epoch 4/50  Train Loss: 1.6132  Val   Loss: 1.7437  Val   Acc:  0.3221
2025-04-23 10:28:46,710 INFO: Epoch 5/50  Train Loss: 1.5672  Val   Loss: 1.7612  Val   Acc:  0.2997
2025-04-23 10:29:04,499 INFO: Epoch 6/50  Train Loss: 1.5289  Val   Loss: 1.6463  Val   Acc:  0.3604
2025-04-23 10:29:04,522 INFO: Saved best model to ../models/best_policy_net.pt
2025-04-23 10:29:15,897 INFO: Epoch 7/50  Train Loss: 1.4818  Val   Loss: 1.6391  Val   Acc:  0.3511
2025-04-23 10:29:15,908 INFO: Saved best model to ../models/best_policy_net.pt
2025-04-23 10:29:27,350 INFO: Epoch 8/50  Train Loss: 1.4391  Val   Loss: 1.7318  Val   Acc:  0.3567
2025-04-23 10:29:38,710 INFO: Epoch 9/50  Train Loss: 1.4138  Val   Loss: 1.6010  Val   Acc:  0.3903
2025-04-23 10:29:38,720 INFO: Saved best model to ../models/best_policy_net.pt
2025-04-23 10:29:50,594 INFO: Epoch 10/50  Train Loss: 1.3686  Val   Loss: 1.7122  Val   Acc:  0.3819
2025-04-23 10:30:01,750 INFO: Epoch 11/50  Train Loss: 1.3239  Val   Loss: 1.6137  Val   Acc:  0.3875
2025-04-23 10:30:13,204 INFO: Epoch 12/50  Train Loss: 1.2769  Val   Loss: 1.6663  Val   Acc:  0.3884
2025-04-23 10:30:28,235 INFO: Epoch 13/50  Train Loss: 1.2468  Val   Loss: 1.7077  Val   Acc:  0.4006
2025-04-23 10:30:39,658 INFO: Epoch 14/50  Train Loss: 1.2198  Val   Loss: 1.5548  Val   Acc:  0.4108
2025-04-23 10:30:39,674 INFO: Saved best model to ../models/best_policy_net.pt
2025-04-23 10:30:52,751 INFO: Epoch 15/50  Train Loss: 1.1814  Val   Loss: 1.6141  Val   Acc:  0.4183
2025-04-23 10:31:05,733 INFO: Epoch 16/50  Train Loss: 1.1493  Val   Loss: 1.7705  Val   Acc:  0.3940
2025-04-23 10:31:17,222 INFO: Epoch 17/50  Train Loss: 1.1370  Val   Loss: 1.6587  Val   Acc:  0.3940
2025-04-23 10:31:28,796 INFO: Epoch 18/50  Train Loss: 1.1050  Val   Loss: 1.7209  Val   Acc:  0.3828
2025-04-23 10:31:40,605 INFO: Epoch 19/50  Train Loss: 1.0904  Val   Loss: 1.8326  Val   Acc:  0.4183
2025-04-23 10:31:52,210 INFO: Epoch 20/50  Train Loss: 1.0727  Val   Loss: 1.6191  Val   Acc:  0.4230
2025-04-23 10:32:03,614 INFO: Epoch 21/50  Train Loss: 0.9706  Val   Loss: 1.5955  Val   Acc:  0.4332
2025-04-23 10:32:15,352 INFO: Epoch 22/50  Train Loss: 0.9340  Val   Loss: 1.7111  Val   Acc:  0.4220
2025-04-23 10:32:27,153 INFO: Epoch 23/50  Train Loss: 0.9195  Val   Loss: 1.6578  Val   Acc:  0.4267
2025-04-23 10:32:38,440 INFO: Epoch 24/50  Train Loss: 0.9034  Val   Loss: 1.6505  Val   Acc:  0.4314
2025-04-23 10:32:49,754 INFO: Epoch 25/50  Train Loss: 0.8994  Val   Loss: 1.7608  Val   Acc:  0.4258
2025-04-23 10:33:01,100 INFO: Epoch 26/50  Train Loss: 0.8817  Val   Loss: 1.7089  Val   Acc:  0.4398
2025-04-23 10:33:12,451 INFO: Epoch 27/50  Train Loss: 0.8317  Val   Loss: 1.7939  Val   Acc:  0.4379
2025-04-23 10:33:23,988 INFO: Epoch 28/50  Train Loss: 0.8063  Val   Loss: 1.8141  Val   Acc:  0.4370
2025-04-23 10:33:35,307 INFO: Epoch 29/50  Train Loss: 0.8006  Val   Loss: 1.8052  Val   Acc:  0.4295
2025-04-23 10:33:46,654 INFO: Epoch 30/50  Train Loss: 0.8015  Val   Loss: 1.8997  Val   Acc:  0.4351
2025-04-23 10:33:58,017 INFO: Epoch 31/50  Train Loss: 0.7899  Val   Loss: 1.8006  Val   Acc:  0.4398
2025-04-23 10:34:09,306 INFO: Epoch 32/50  Train Loss: 0.7874  Val   Loss: 1.8748  Val   Acc:  0.4370
2025-04-23 10:34:20,615 INFO: Epoch 33/50  Train Loss: 0.7580  Val   Loss: 1.9408  Val   Acc:  0.4295
2025-04-23 10:34:31,915 INFO: Epoch 34/50  Train Loss: 0.7404  Val   Loss: 1.9633  Val   Acc:  0.4360
2025-04-23 10:34:44,362 INFO: Epoch 35/50  Train Loss: 0.7450  Val   Loss: 1.9661  Val   Acc:  0.4351
2025-04-23 10:36:44,800 INFO: Epoch 36/50  Train Loss: 0.7439  Val   Loss: 2.0034  Val   Acc:  0.4267
2025-04-23 10:43:09,971 INFO: Epoch 37/50  Train Loss: 0.7403  Val   Loss: 2.0165  Val   Acc:  0.4248
2025-04-23 10:43:21,291 INFO: Epoch 38/50  Train Loss: 0.7393  Val   Loss: 2.0254  Val   Acc:  0.4323
2025-04-23 10:43:32,595 INFO: Epoch 39/50  Train Loss: 0.7190  Val   Loss: 2.0705  Val   Acc:  0.4230
2025-04-23 10:43:43,874 INFO: Epoch 40/50  Train Loss: 0.7210  Val   Loss: 2.0643  Val   Acc:  0.4267
2025-04-23 10:43:55,198 INFO: Epoch 41/50  Train Loss: 0.7159  Val   Loss: 2.0595  Val   Acc:  0.4211
2025-04-23 10:44:06,501 INFO: Epoch 42/50  Train Loss: 0.7121  Val   Loss: 2.0660  Val   Acc:  0.4220
2025-04-23 10:44:17,752 INFO: Epoch 43/50  Train Loss: 0.7105  Val   Loss: 2.0910  Val   Acc:  0.4286
2025-04-23 10:44:28,971 INFO: Epoch 44/50  Train Loss: 0.7140  Val   Loss: 2.0813  Val   Acc:  0.4323
2025-04-23 10:44:40,264 INFO: Epoch 45/50  Train Loss: 0.7039  Val   Loss: 2.0808  Val   Acc:  0.4220
2025-04-23 10:44:51,608 INFO: Epoch 46/50  Train Loss: 0.6973  Val   Loss: 2.1311  Val   Acc:  0.4276
2025-04-23 10:45:03,070 INFO: Epoch 47/50  Train Loss: 0.7000  Val   Loss: 2.1418  Val   Acc:  0.4239
2025-04-23 10:45:14,324 INFO: Epoch 48/50  Train Loss: 0.7019  Val   Loss: 2.1195  Val   Acc:  0.4286
2025-04-23 10:49:28,853 INFO: Epoch 49/50  Train Loss: 0.7040  Val   Loss: 2.1230  Val   Acc:  0.4248
2025-04-23 10:49:42,425 INFO: Epoch 50/50  Train Loss: 0.7002  Val   Loss: 2.1418  Val   Acc:  0.4230
2025-04-23 10:59:09,490 INFO: Using device: cpu
2025-04-23 10:59:09,711 INFO: Starting epoch 1/50 (0.0% complete)
2025-04-23 10:59:10,862 INFO:   Epoch 1: batch 7/76 (9.2%) done
2025-04-23 10:59:11,899 INFO:   Epoch 1: batch 14/76 (18.4%) done
2025-04-23 10:59:12,922 INFO:   Epoch 1: batch 21/76 (27.6%) done
2025-04-23 10:59:13,941 INFO:   Epoch 1: batch 28/76 (36.8%) done
2025-04-23 10:59:14,958 INFO:   Epoch 1: batch 35/76 (46.1%) done
2025-04-23 10:59:15,982 INFO:   Epoch 1: batch 42/76 (55.3%) done
2025-04-23 10:59:17,002 INFO:   Epoch 1: batch 49/76 (64.5%) done
2025-04-23 10:59:18,026 INFO:   Epoch 1: batch 56/76 (73.7%) done
2025-04-23 10:59:19,039 INFO:   Epoch 1: batch 63/76 (82.9%) done
2025-04-23 10:59:20,088 INFO:   Epoch 1: batch 70/76 (92.1%) done
2025-04-23 10:59:21,118 INFO: Epoch 1/50 complete: Train Loss 1.7909, Val Loss 1.7681, Val Acc 0.2577
2025-04-23 10:59:21,130 INFO: New best model at epoch 1, saved to ../models/best_policy_net.pt
2025-04-23 10:59:21,131 INFO: Starting epoch 2/50 (2.0% complete)
2025-04-23 10:59:22,177 INFO:   Epoch 2: batch 7/76 (9.2%) done
2025-04-23 10:59:23,189 INFO:   Epoch 2: batch 14/76 (18.4%) done
2025-04-23 10:59:24,210 INFO:   Epoch 2: batch 21/76 (27.6%) done
2025-04-23 10:59:25,237 INFO:   Epoch 2: batch 28/76 (36.8%) done
2025-04-23 10:59:26,260 INFO:   Epoch 2: batch 35/76 (46.1%) done
2025-04-23 10:59:27,346 INFO:   Epoch 2: batch 42/76 (55.3%) done
2025-04-23 10:59:28,441 INFO:   Epoch 2: batch 49/76 (64.5%) done
2025-04-23 10:59:29,465 INFO:   Epoch 2: batch 56/76 (73.7%) done
2025-04-23 10:59:30,491 INFO:   Epoch 2: batch 63/76 (82.9%) done
2025-04-23 10:59:31,511 INFO:   Epoch 2: batch 70/76 (92.1%) done
2025-04-23 10:59:32,558 INFO: Epoch 2/50 complete: Train Loss 1.7121, Val Loss 1.7361, Val Acc 0.2932
2025-04-23 10:59:32,568 INFO: New best model at epoch 2, saved to ../models/best_policy_net.pt
2025-04-23 10:59:32,569 INFO: Starting epoch 3/50 (4.0% complete)
2025-04-23 10:59:33,608 INFO:   Epoch 3: batch 7/76 (9.2%) done
2025-04-23 10:59:34,634 INFO:   Epoch 3: batch 14/76 (18.4%) done
2025-04-23 10:59:35,658 INFO:   Epoch 3: batch 21/76 (27.6%) done
2025-04-23 10:59:36,683 INFO:   Epoch 3: batch 28/76 (36.8%) done
2025-04-23 10:59:37,706 INFO:   Epoch 3: batch 35/76 (46.1%) done
2025-04-23 10:59:38,728 INFO:   Epoch 3: batch 42/76 (55.3%) done
2025-04-23 10:59:39,751 INFO:   Epoch 3: batch 49/76 (64.5%) done
2025-04-23 10:59:40,774 INFO:   Epoch 3: batch 56/76 (73.7%) done
2025-04-23 10:59:42,267 INFO:   Epoch 3: batch 63/76 (82.9%) done
2025-04-23 10:59:43,288 INFO:   Epoch 3: batch 70/76 (92.1%) done
2025-04-23 10:59:44,564 INFO: Epoch 3/50 complete: Train Loss 1.6607, Val Loss 1.7236, Val Acc 0.3007
2025-04-23 10:59:44,574 INFO: New best model at epoch 3, saved to ../models/best_policy_net.pt
2025-04-23 10:59:44,574 INFO: Starting epoch 4/50 (6.0% complete)
2025-04-23 10:59:45,983 INFO:   Epoch 4: batch 7/76 (9.2%) done
2025-04-23 10:59:47,013 INFO:   Epoch 4: batch 14/76 (18.4%) done
2025-04-23 10:59:48,055 INFO:   Epoch 4: batch 21/76 (27.6%) done
2025-04-23 10:59:49,100 INFO:   Epoch 4: batch 28/76 (36.8%) done
2025-04-23 10:59:50,189 INFO:   Epoch 4: batch 35/76 (46.1%) done
2025-04-23 10:59:51,217 INFO:   Epoch 4: batch 42/76 (55.3%) done
2025-04-23 10:59:52,247 INFO:   Epoch 4: batch 49/76 (64.5%) done
2025-04-23 10:59:53,269 INFO:   Epoch 4: batch 56/76 (73.7%) done
2025-04-23 10:59:54,310 INFO:   Epoch 4: batch 63/76 (82.9%) done
2025-04-23 10:59:55,334 INFO:   Epoch 4: batch 70/76 (92.1%) done
2025-04-23 10:59:56,359 INFO: Epoch 4/50 complete: Train Loss 1.6132, Val Loss 1.7437, Val Acc 0.3221
2025-04-23 10:59:56,359 INFO: Epoch 4: no improvement (best val_loss 1.7236)
2025-04-23 10:59:56,359 INFO: Starting epoch 5/50 (8.0% complete)
2025-04-23 10:59:57,381 INFO:   Epoch 5: batch 7/76 (9.2%) done
2025-04-23 10:59:58,400 INFO:   Epoch 5: batch 14/76 (18.4%) done
2025-04-23 10:59:59,417 INFO:   Epoch 5: batch 21/76 (27.6%) done
2025-04-23 11:00:00,449 INFO:   Epoch 5: batch 28/76 (36.8%) done
2025-04-23 11:00:01,469 INFO:   Epoch 5: batch 35/76 (46.1%) done
2025-04-23 11:00:02,513 INFO:   Epoch 5: batch 42/76 (55.3%) done
2025-04-23 11:00:03,538 INFO:   Epoch 5: batch 49/76 (64.5%) done
2025-04-23 11:00:04,561 INFO:   Epoch 5: batch 56/76 (73.7%) done
2025-04-23 11:00:05,639 INFO:   Epoch 5: batch 63/76 (82.9%) done
2025-04-23 11:00:06,661 INFO:   Epoch 5: batch 70/76 (92.1%) done
2025-04-23 11:00:07,684 INFO: Epoch 5/50 complete: Train Loss 1.5672, Val Loss 1.7612, Val Acc 0.2997
2025-04-23 11:00:07,684 INFO: Epoch 5: no improvement (best val_loss 1.7236)
2025-04-23 11:00:07,684 INFO: Starting epoch 6/50 (10.0% complete)
2025-04-23 11:00:08,689 INFO:   Epoch 6: batch 7/76 (9.2%) done
2025-04-23 11:00:09,709 INFO:   Epoch 6: batch 14/76 (18.4%) done
2025-04-23 11:00:10,727 INFO:   Epoch 6: batch 21/76 (27.6%) done
2025-04-23 11:00:11,749 INFO:   Epoch 6: batch 28/76 (36.8%) done
2025-04-23 11:00:12,774 INFO:   Epoch 6: batch 35/76 (46.1%) done
2025-04-23 11:00:13,793 INFO:   Epoch 6: batch 42/76 (55.3%) done
2025-04-23 11:00:14,817 INFO:   Epoch 6: batch 49/76 (64.5%) done
2025-04-23 11:00:15,839 INFO:   Epoch 6: batch 56/76 (73.7%) done
2025-04-23 11:00:16,862 INFO:   Epoch 6: batch 63/76 (82.9%) done
2025-04-23 11:00:17,879 INFO:   Epoch 6: batch 70/76 (92.1%) done
2025-04-23 11:00:18,897 INFO: Epoch 6/50 complete: Train Loss 1.5289, Val Loss 1.6463, Val Acc 0.3604
2025-04-23 11:00:18,907 INFO: New best model at epoch 6, saved to ../models/best_policy_net.pt
2025-04-23 11:00:18,907 INFO: Starting epoch 7/50 (12.0% complete)
2025-04-23 11:00:19,896 INFO:   Epoch 7: batch 7/76 (9.2%) done
2025-04-23 11:00:20,933 INFO:   Epoch 7: batch 14/76 (18.4%) done
2025-04-23 11:00:21,947 INFO:   Epoch 7: batch 21/76 (27.6%) done
2025-04-23 11:00:22,967 INFO:   Epoch 7: batch 28/76 (36.8%) done
2025-04-23 11:00:23,990 INFO:   Epoch 7: batch 35/76 (46.1%) done
2025-04-23 11:00:25,012 INFO:   Epoch 7: batch 42/76 (55.3%) done
2025-04-23 11:00:26,041 INFO:   Epoch 7: batch 49/76 (64.5%) done
2025-04-23 11:00:27,047 INFO:   Epoch 7: batch 56/76 (73.7%) done
2025-04-23 11:00:28,052 INFO:   Epoch 7: batch 63/76 (82.9%) done
2025-04-23 11:00:29,079 INFO:   Epoch 7: batch 70/76 (92.1%) done
2025-04-23 11:00:30,105 INFO: Epoch 7/50 complete: Train Loss 1.4818, Val Loss 1.6391, Val Acc 0.3511
2025-04-23 11:00:30,115 INFO: New best model at epoch 7, saved to ../models/best_policy_net.pt
2025-04-23 11:00:30,115 INFO: Starting epoch 8/50 (14.0% complete)
2025-04-23 11:00:31,107 INFO:   Epoch 8: batch 7/76 (9.2%) done
2025-04-23 11:00:32,137 INFO:   Epoch 8: batch 14/76 (18.4%) done
2025-04-23 11:00:33,172 INFO:   Epoch 8: batch 21/76 (27.6%) done
2025-04-23 11:00:34,199 INFO:   Epoch 8: batch 28/76 (36.8%) done
2025-04-23 11:00:35,220 INFO:   Epoch 8: batch 35/76 (46.1%) done
2025-04-23 11:00:36,242 INFO:   Epoch 8: batch 42/76 (55.3%) done
2025-04-23 11:00:37,264 INFO:   Epoch 8: batch 49/76 (64.5%) done
2025-04-23 11:00:38,285 INFO:   Epoch 8: batch 56/76 (73.7%) done
2025-04-23 11:00:39,301 INFO:   Epoch 8: batch 63/76 (82.9%) done
2025-04-23 11:00:40,327 INFO:   Epoch 8: batch 70/76 (92.1%) done
2025-04-23 11:00:41,347 INFO: Epoch 8/50 complete: Train Loss 1.4391, Val Loss 1.7318, Val Acc 0.3567
2025-04-23 11:00:41,347 INFO: Epoch 8: no improvement (best val_loss 1.6391)
2025-04-23 11:00:41,347 INFO: Starting epoch 9/50 (16.0% complete)
2025-04-23 11:00:42,363 INFO:   Epoch 9: batch 7/76 (9.2%) done
2025-04-23 11:00:43,390 INFO:   Epoch 9: batch 14/76 (18.4%) done
2025-04-23 11:00:44,407 INFO:   Epoch 9: batch 21/76 (27.6%) done
2025-04-23 11:00:45,431 INFO:   Epoch 9: batch 28/76 (36.8%) done
2025-04-23 11:00:46,501 INFO:   Epoch 9: batch 35/76 (46.1%) done
2025-04-23 11:00:47,545 INFO:   Epoch 9: batch 42/76 (55.3%) done
2025-04-23 11:00:48,575 INFO:   Epoch 9: batch 49/76 (64.5%) done
2025-04-23 11:00:49,590 INFO:   Epoch 9: batch 56/76 (73.7%) done
2025-04-23 11:00:50,607 INFO:   Epoch 9: batch 63/76 (82.9%) done
2025-04-23 11:00:51,629 INFO:   Epoch 9: batch 70/76 (92.1%) done
2025-04-23 11:00:52,653 INFO: Epoch 9/50 complete: Train Loss 1.4138, Val Loss 1.6010, Val Acc 0.3903
2025-04-23 11:00:52,662 INFO: New best model at epoch 9, saved to ../models/best_policy_net.pt
2025-04-23 11:00:52,662 INFO: Starting epoch 10/50 (18.0% complete)
2025-04-23 11:00:53,659 INFO:   Epoch 10: batch 7/76 (9.2%) done
2025-04-23 11:00:54,732 INFO:   Epoch 10: batch 14/76 (18.4%) done
2025-04-23 11:00:55,749 INFO:   Epoch 10: batch 21/76 (27.6%) done
2025-04-23 11:00:56,832 INFO:   Epoch 10: batch 28/76 (36.8%) done
2025-04-23 11:00:57,861 INFO:   Epoch 10: batch 35/76 (46.1%) done
2025-04-23 11:00:58,885 INFO:   Epoch 10: batch 42/76 (55.3%) done
2025-04-23 11:00:59,901 INFO:   Epoch 10: batch 49/76 (64.5%) done
2025-04-23 11:01:01,045 INFO:   Epoch 10: batch 56/76 (73.7%) done
2025-04-23 11:01:02,069 INFO:   Epoch 10: batch 63/76 (82.9%) done
2025-04-23 11:01:03,085 INFO:   Epoch 10: batch 70/76 (92.1%) done
2025-04-23 11:01:04,108 INFO: Epoch 10/50 complete: Train Loss 1.3686, Val Loss 1.7122, Val Acc 0.3819
2025-04-23 11:01:04,108 INFO: Epoch 10: no improvement (best val_loss 1.6010)
2025-04-23 11:01:04,108 INFO: Starting epoch 11/50 (20.0% complete)
2025-04-23 11:01:05,132 INFO:   Epoch 11: batch 7/76 (9.2%) done
2025-04-23 11:01:06,155 INFO:   Epoch 11: batch 14/76 (18.4%) done
2025-04-23 11:01:07,157 INFO:   Epoch 11: batch 21/76 (27.6%) done
2025-04-23 11:01:08,177 INFO:   Epoch 11: batch 28/76 (36.8%) done
2025-04-23 11:01:09,197 INFO:   Epoch 11: batch 35/76 (46.1%) done
2025-04-23 11:01:10,216 INFO:   Epoch 11: batch 42/76 (55.3%) done
2025-04-23 11:01:11,249 INFO:   Epoch 11: batch 49/76 (64.5%) done
2025-04-23 11:01:12,267 INFO:   Epoch 11: batch 56/76 (73.7%) done
2025-04-23 11:01:13,293 INFO:   Epoch 11: batch 63/76 (82.9%) done
2025-04-23 11:01:14,311 INFO:   Epoch 11: batch 70/76 (92.1%) done
2025-04-23 11:01:15,318 INFO: Epoch 11/50 complete: Train Loss 1.3239, Val Loss 1.6137, Val Acc 0.3875
2025-04-23 11:01:15,318 INFO: Epoch 11: no improvement (best val_loss 1.6010)
2025-04-23 11:01:15,318 INFO: Starting epoch 12/50 (22.0% complete)
2025-04-23 11:01:16,340 INFO:   Epoch 12: batch 7/76 (9.2%) done
2025-04-23 11:01:17,364 INFO:   Epoch 12: batch 14/76 (18.4%) done
2025-04-23 11:01:18,390 INFO:   Epoch 12: batch 21/76 (27.6%) done
2025-04-23 11:01:19,400 INFO:   Epoch 12: batch 28/76 (36.8%) done
2025-04-23 11:01:20,420 INFO:   Epoch 12: batch 35/76 (46.1%) done
2025-04-23 11:01:21,445 INFO:   Epoch 12: batch 42/76 (55.3%) done
2025-04-23 11:01:22,466 INFO:   Epoch 12: batch 49/76 (64.5%) done
2025-04-23 11:01:23,493 INFO:   Epoch 12: batch 56/76 (73.7%) done
2025-04-23 11:01:24,518 INFO:   Epoch 12: batch 63/76 (82.9%) done
2025-04-23 11:01:25,543 INFO:   Epoch 12: batch 70/76 (92.1%) done
2025-04-23 11:01:26,566 INFO: Epoch 12/50 complete: Train Loss 1.2769, Val Loss 1.6663, Val Acc 0.3884
2025-04-23 11:01:26,567 INFO: Epoch 12: no improvement (best val_loss 1.6010)
2025-04-23 11:01:26,567 INFO: Starting epoch 13/50 (24.0% complete)
2025-04-23 11:01:27,590 INFO:   Epoch 13: batch 7/76 (9.2%) done
2025-04-23 11:01:28,694 INFO:   Epoch 13: batch 14/76 (18.4%) done
2025-04-23 11:01:29,716 INFO:   Epoch 13: batch 21/76 (27.6%) done
2025-04-23 11:01:30,736 INFO:   Epoch 13: batch 28/76 (36.8%) done
2025-04-23 11:01:31,762 INFO:   Epoch 13: batch 35/76 (46.1%) done
2025-04-23 11:01:32,806 INFO:   Epoch 13: batch 42/76 (55.3%) done
2025-04-23 11:01:33,826 INFO:   Epoch 13: batch 49/76 (64.5%) done
2025-04-23 11:01:34,851 INFO:   Epoch 13: batch 56/76 (73.7%) done
2025-04-23 11:01:35,878 INFO:   Epoch 13: batch 63/76 (82.9%) done
2025-04-23 11:01:36,900 INFO:   Epoch 13: batch 70/76 (92.1%) done
2025-04-23 11:01:37,928 INFO: Epoch 13/50 complete: Train Loss 1.2468, Val Loss 1.7077, Val Acc 0.4006
2025-04-23 11:01:37,928 INFO: Epoch 13: no improvement (best val_loss 1.6010)
2025-04-23 11:01:37,928 INFO: Starting epoch 14/50 (26.0% complete)
2025-04-23 11:01:38,956 INFO:   Epoch 14: batch 7/76 (9.2%) done
2025-04-23 11:01:39,982 INFO:   Epoch 14: batch 14/76 (18.4%) done
2025-04-23 11:01:41,004 INFO:   Epoch 14: batch 21/76 (27.6%) done
2025-04-23 11:01:42,025 INFO:   Epoch 14: batch 28/76 (36.8%) done
2025-04-23 11:01:43,042 INFO:   Epoch 14: batch 35/76 (46.1%) done
2025-04-23 11:01:44,060 INFO:   Epoch 14: batch 42/76 (55.3%) done
2025-04-23 11:01:45,080 INFO:   Epoch 14: batch 49/76 (64.5%) done
2025-04-23 11:01:46,101 INFO:   Epoch 14: batch 56/76 (73.7%) done
2025-04-23 11:01:47,128 INFO:   Epoch 14: batch 63/76 (82.9%) done
2025-04-23 11:01:48,153 INFO:   Epoch 14: batch 70/76 (92.1%) done
2025-04-23 11:01:49,174 INFO: Epoch 14/50 complete: Train Loss 1.2198, Val Loss 1.5548, Val Acc 0.4108
2025-04-23 11:01:49,184 INFO: New best model at epoch 14, saved to ../models/best_policy_net.pt
2025-04-23 11:01:49,184 INFO: Starting epoch 15/50 (28.0% complete)
2025-04-23 11:01:50,184 INFO:   Epoch 15: batch 7/76 (9.2%) done
2025-04-23 11:01:51,206 INFO:   Epoch 15: batch 14/76 (18.4%) done
2025-04-23 11:01:52,219 INFO:   Epoch 15: batch 21/76 (27.6%) done
2025-04-23 11:01:53,238 INFO:   Epoch 15: batch 28/76 (36.8%) done
2025-04-23 11:01:54,264 INFO:   Epoch 15: batch 35/76 (46.1%) done
2025-04-23 11:01:55,318 INFO:   Epoch 15: batch 42/76 (55.3%) done
2025-04-23 11:01:56,351 INFO:   Epoch 15: batch 49/76 (64.5%) done
2025-04-23 11:01:57,372 INFO:   Epoch 15: batch 56/76 (73.7%) done
2025-04-23 11:01:58,404 INFO:   Epoch 15: batch 63/76 (82.9%) done
2025-04-23 11:01:59,421 INFO:   Epoch 15: batch 70/76 (92.1%) done
2025-04-23 11:02:00,521 INFO: Epoch 15/50 complete: Train Loss 1.1814, Val Loss 1.6141, Val Acc 0.4183
2025-04-23 11:02:00,521 INFO: Epoch 15: no improvement (best val_loss 1.5548)
2025-04-23 11:02:00,521 INFO: Starting epoch 16/50 (30.0% complete)
2025-04-23 11:02:01,563 INFO:   Epoch 16: batch 7/76 (9.2%) done
2025-04-23 11:02:02,618 INFO:   Epoch 16: batch 14/76 (18.4%) done
2025-04-23 11:02:03,641 INFO:   Epoch 16: batch 21/76 (27.6%) done
2025-04-23 11:02:04,663 INFO:   Epoch 16: batch 28/76 (36.8%) done
2025-04-23 11:02:05,701 INFO:   Epoch 16: batch 35/76 (46.1%) done
2025-04-23 11:02:06,724 INFO:   Epoch 16: batch 42/76 (55.3%) done
2025-04-23 11:02:07,747 INFO:   Epoch 16: batch 49/76 (64.5%) done
2025-04-23 11:02:08,769 INFO:   Epoch 16: batch 56/76 (73.7%) done
2025-04-23 11:02:09,795 INFO:   Epoch 16: batch 63/76 (82.9%) done
2025-04-23 11:02:10,823 INFO:   Epoch 16: batch 70/76 (92.1%) done
2025-04-23 11:02:11,846 INFO: Epoch 16/50 complete: Train Loss 1.1493, Val Loss 1.7705, Val Acc 0.3940
2025-04-23 11:02:11,846 INFO: Epoch 16: no improvement (best val_loss 1.5548)
2025-04-23 11:02:11,846 INFO: Starting epoch 17/50 (32.0% complete)
2025-04-23 11:02:12,871 INFO:   Epoch 17: batch 7/76 (9.2%) done
2025-04-23 11:02:13,893 INFO:   Epoch 17: batch 14/76 (18.4%) done
2025-04-23 11:02:14,928 INFO:   Epoch 17: batch 21/76 (27.6%) done
2025-04-23 11:02:15,957 INFO:   Epoch 17: batch 28/76 (36.8%) done
2025-04-23 11:02:16,976 INFO:   Epoch 17: batch 35/76 (46.1%) done
2025-04-23 11:02:18,003 INFO:   Epoch 17: batch 42/76 (55.3%) done
2025-04-23 11:02:19,020 INFO:   Epoch 17: batch 49/76 (64.5%) done
2025-04-23 11:02:20,045 INFO:   Epoch 17: batch 56/76 (73.7%) done
2025-04-23 11:02:21,078 INFO:   Epoch 17: batch 63/76 (82.9%) done
2025-04-23 11:02:22,105 INFO:   Epoch 17: batch 70/76 (92.1%) done
2025-04-23 11:02:23,140 INFO: Epoch 17/50 complete: Train Loss 1.1370, Val Loss 1.6587, Val Acc 0.3940
2025-04-23 11:02:23,140 INFO: Epoch 17: no improvement (best val_loss 1.5548)
2025-04-23 11:02:23,140 INFO: Starting epoch 18/50 (34.0% complete)
2025-04-23 11:02:24,162 INFO:   Epoch 18: batch 7/76 (9.2%) done
2025-04-23 11:02:25,183 INFO:   Epoch 18: batch 14/76 (18.4%) done
2025-04-23 11:02:26,208 INFO:   Epoch 18: batch 21/76 (27.6%) done
2025-04-23 11:02:27,227 INFO:   Epoch 18: batch 28/76 (36.8%) done
2025-04-23 11:02:28,256 INFO:   Epoch 18: batch 35/76 (46.1%) done
2025-04-23 11:02:29,278 INFO:   Epoch 18: batch 42/76 (55.3%) done
2025-04-23 11:02:30,303 INFO:   Epoch 18: batch 49/76 (64.5%) done
2025-04-23 11:02:31,325 INFO:   Epoch 18: batch 56/76 (73.7%) done
2025-04-23 11:02:32,369 INFO:   Epoch 18: batch 63/76 (82.9%) done
2025-04-23 11:02:33,391 INFO:   Epoch 18: batch 70/76 (92.1%) done
2025-04-23 11:02:34,420 INFO: Epoch 18/50 complete: Train Loss 1.1050, Val Loss 1.7209, Val Acc 0.3828
2025-04-23 11:02:34,420 INFO: Epoch 18: no improvement (best val_loss 1.5548)
2025-04-23 11:02:34,420 INFO: Starting epoch 19/50 (36.0% complete)
2025-04-23 11:02:35,449 INFO:   Epoch 19: batch 7/76 (9.2%) done
2025-04-23 11:02:36,473 INFO:   Epoch 19: batch 14/76 (18.4%) done
2025-04-23 11:02:37,494 INFO:   Epoch 19: batch 21/76 (27.6%) done
2025-04-23 11:02:38,551 INFO:   Epoch 19: batch 28/76 (36.8%) done
2025-04-23 11:02:39,568 INFO:   Epoch 19: batch 35/76 (46.1%) done
2025-04-23 11:02:40,586 INFO:   Epoch 19: batch 42/76 (55.3%) done
2025-04-23 11:02:41,609 INFO:   Epoch 19: batch 49/76 (64.5%) done
2025-04-23 11:02:42,633 INFO:   Epoch 19: batch 56/76 (73.7%) done
2025-04-23 11:02:43,653 INFO:   Epoch 19: batch 63/76 (82.9%) done
2025-04-23 11:02:44,672 INFO:   Epoch 19: batch 70/76 (92.1%) done
2025-04-23 11:02:45,698 INFO: Epoch 19/50 complete: Train Loss 1.0904, Val Loss 1.8326, Val Acc 0.4183
2025-04-23 11:02:45,699 INFO: Epoch 19: no improvement (best val_loss 1.5548)
2025-04-23 11:02:45,699 INFO: Starting epoch 20/50 (38.0% complete)
2025-04-23 11:02:46,726 INFO:   Epoch 20: batch 7/76 (9.2%) done
2025-04-23 11:02:47,748 INFO:   Epoch 20: batch 14/76 (18.4%) done
2025-04-23 11:02:48,770 INFO:   Epoch 20: batch 21/76 (27.6%) done
2025-04-23 11:02:49,790 INFO:   Epoch 20: batch 28/76 (36.8%) done
2025-04-23 11:02:50,817 INFO:   Epoch 20: batch 35/76 (46.1%) done
2025-04-23 11:02:51,839 INFO:   Epoch 20: batch 42/76 (55.3%) done
2025-04-23 11:02:52,857 INFO:   Epoch 20: batch 49/76 (64.5%) done
2025-04-23 11:02:53,878 INFO:   Epoch 20: batch 56/76 (73.7%) done
2025-04-23 11:02:54,899 INFO:   Epoch 20: batch 63/76 (82.9%) done
2025-04-23 11:02:55,925 INFO:   Epoch 20: batch 70/76 (92.1%) done
2025-04-23 11:02:56,950 INFO: Epoch 20/50 complete: Train Loss 1.0727, Val Loss 1.6191, Val Acc 0.4230
2025-04-23 11:02:56,950 INFO: Epoch 20: no improvement (best val_loss 1.5548)
2025-04-23 11:02:56,950 INFO: Starting epoch 21/50 (40.0% complete)
2025-04-23 11:02:57,975 INFO:   Epoch 21: batch 7/76 (9.2%) done
2025-04-23 11:02:58,998 INFO:   Epoch 21: batch 14/76 (18.4%) done
2025-04-23 11:03:00,024 INFO:   Epoch 21: batch 21/76 (27.6%) done
2025-04-23 11:03:01,672 INFO:   Epoch 21: batch 28/76 (36.8%) done
2025-04-23 11:03:02,650 INFO:   Epoch 21: batch 35/76 (46.1%) done
2025-04-23 11:03:03,660 INFO:   Epoch 21: batch 42/76 (55.3%) done
2025-04-23 11:03:04,661 INFO:   Epoch 21: batch 49/76 (64.5%) done
2025-04-23 11:03:05,688 INFO:   Epoch 21: batch 56/76 (73.7%) done
2025-04-23 11:03:06,715 INFO:   Epoch 21: batch 63/76 (82.9%) done
2025-04-23 11:03:07,738 INFO:   Epoch 21: batch 70/76 (92.1%) done
2025-04-23 11:03:08,769 INFO: Epoch 21/50 complete: Train Loss 0.9706, Val Loss 1.5955, Val Acc 0.4332
2025-04-23 11:03:08,769 INFO: Epoch 21: no improvement (best val_loss 1.5548)
2025-04-23 11:03:08,769 INFO: Starting epoch 22/50 (42.0% complete)
2025-04-23 11:03:09,793 INFO:   Epoch 22: batch 7/76 (9.2%) done
2025-04-23 11:03:10,821 INFO:   Epoch 22: batch 14/76 (18.4%) done
2025-04-23 11:03:11,843 INFO:   Epoch 22: batch 21/76 (27.6%) done
2025-04-23 11:03:12,864 INFO:   Epoch 22: batch 28/76 (36.8%) done
2025-04-23 11:03:13,886 INFO:   Epoch 22: batch 35/76 (46.1%) done
2025-04-23 11:03:14,906 INFO:   Epoch 22: batch 42/76 (55.3%) done
2025-04-23 11:03:15,935 INFO:   Epoch 22: batch 49/76 (64.5%) done
2025-04-23 11:03:16,960 INFO:   Epoch 22: batch 56/76 (73.7%) done
2025-04-23 11:03:17,982 INFO:   Epoch 22: batch 63/76 (82.9%) done
2025-04-23 11:03:19,000 INFO:   Epoch 22: batch 70/76 (92.1%) done
2025-04-23 11:03:20,027 INFO: Epoch 22/50 complete: Train Loss 0.9340, Val Loss 1.7111, Val Acc 0.4220
2025-04-23 11:03:20,027 INFO: Epoch 22: no improvement (best val_loss 1.5548)
2025-04-23 11:03:20,027 INFO: Starting epoch 23/50 (44.0% complete)
2025-04-23 11:03:21,058 INFO:   Epoch 23: batch 7/76 (9.2%) done
2025-04-23 11:03:22,081 INFO:   Epoch 23: batch 14/76 (18.4%) done
2025-04-23 11:03:23,108 INFO:   Epoch 23: batch 21/76 (27.6%) done
2025-04-23 11:03:24,128 INFO:   Epoch 23: batch 28/76 (36.8%) done
2025-04-23 11:03:25,166 INFO:   Epoch 23: batch 35/76 (46.1%) done
2025-04-23 11:03:26,219 INFO:   Epoch 23: batch 42/76 (55.3%) done
2025-04-23 11:03:27,243 INFO:   Epoch 23: batch 49/76 (64.5%) done
2025-04-23 11:03:28,286 INFO:   Epoch 23: batch 56/76 (73.7%) done
2025-04-23 11:03:29,366 INFO:   Epoch 23: batch 63/76 (82.9%) done
2025-04-23 11:03:30,481 INFO:   Epoch 23: batch 70/76 (92.1%) done
2025-04-23 11:03:31,507 INFO: Epoch 23/50 complete: Train Loss 0.9195, Val Loss 1.6578, Val Acc 0.4267
2025-04-23 11:03:31,508 INFO: Epoch 23: no improvement (best val_loss 1.5548)
2025-04-23 11:03:31,508 INFO: Starting epoch 24/50 (46.0% complete)
2025-04-23 11:03:32,555 INFO:   Epoch 24: batch 7/76 (9.2%) done
2025-04-23 11:03:33,581 INFO:   Epoch 24: batch 14/76 (18.4%) done
2025-04-23 11:03:34,599 INFO:   Epoch 24: batch 21/76 (27.6%) done
2025-04-23 11:03:35,619 INFO:   Epoch 24: batch 28/76 (36.8%) done
2025-04-23 11:03:36,645 INFO:   Epoch 24: batch 35/76 (46.1%) done
2025-04-23 11:03:37,665 INFO:   Epoch 24: batch 42/76 (55.3%) done
2025-04-23 11:03:38,686 INFO:   Epoch 24: batch 49/76 (64.5%) done
2025-04-23 11:03:39,709 INFO:   Epoch 24: batch 56/76 (73.7%) done
2025-04-23 11:03:40,743 INFO:   Epoch 24: batch 63/76 (82.9%) done
2025-04-23 11:03:41,765 INFO:   Epoch 24: batch 70/76 (92.1%) done
2025-04-23 11:03:42,775 INFO: Epoch 24/50 complete: Train Loss 0.9034, Val Loss 1.6505, Val Acc 0.4314
2025-04-23 11:03:42,775 INFO: Epoch 24: no improvement (best val_loss 1.5548)
2025-04-23 11:03:42,775 INFO: Starting epoch 25/50 (48.0% complete)
2025-04-23 11:03:43,789 INFO:   Epoch 25: batch 7/76 (9.2%) done
2025-04-23 11:03:44,812 INFO:   Epoch 25: batch 14/76 (18.4%) done
2025-04-23 11:03:45,837 INFO:   Epoch 25: batch 21/76 (27.6%) done
2025-04-23 11:03:46,863 INFO:   Epoch 25: batch 28/76 (36.8%) done
2025-04-23 11:03:47,887 INFO:   Epoch 25: batch 35/76 (46.1%) done
2025-04-23 11:03:48,905 INFO:   Epoch 25: batch 42/76 (55.3%) done
2025-04-23 11:03:49,925 INFO:   Epoch 25: batch 49/76 (64.5%) done
2025-04-23 11:03:50,946 INFO:   Epoch 25: batch 56/76 (73.7%) done
2025-04-23 11:03:51,969 INFO:   Epoch 25: batch 63/76 (82.9%) done
2025-04-23 11:03:52,988 INFO:   Epoch 25: batch 70/76 (92.1%) done
2025-04-23 11:03:54,017 INFO: Epoch 25/50 complete: Train Loss 0.8994, Val Loss 1.7608, Val Acc 0.4258
2025-04-23 11:03:54,017 INFO: Epoch 25: no improvement (best val_loss 1.5548)
2025-04-23 11:03:54,017 INFO: Starting epoch 26/50 (50.0% complete)
2025-04-23 11:03:55,041 INFO:   Epoch 26: batch 7/76 (9.2%) done
2025-04-23 11:03:56,065 INFO:   Epoch 26: batch 14/76 (18.4%) done
2025-04-23 11:03:57,087 INFO:   Epoch 26: batch 21/76 (27.6%) done
2025-04-23 11:03:58,116 INFO:   Epoch 26: batch 28/76 (36.8%) done
2025-04-23 11:03:59,140 INFO:   Epoch 26: batch 35/76 (46.1%) done
2025-04-23 11:04:00,167 INFO:   Epoch 26: batch 42/76 (55.3%) done
2025-04-23 11:04:01,186 INFO:   Epoch 26: batch 49/76 (64.5%) done
2025-04-23 11:04:02,206 INFO:   Epoch 26: batch 56/76 (73.7%) done
2025-04-23 11:04:03,228 INFO:   Epoch 26: batch 63/76 (82.9%) done
2025-04-23 11:04:04,254 INFO:   Epoch 26: batch 70/76 (92.1%) done
2025-04-23 11:04:05,275 INFO: Epoch 26/50 complete: Train Loss 0.8817, Val Loss 1.7089, Val Acc 0.4398
2025-04-23 11:04:05,275 INFO: Epoch 26: no improvement (best val_loss 1.5548)
2025-04-23 11:04:05,275 INFO: Starting epoch 27/50 (52.0% complete)
2025-04-23 11:04:06,299 INFO:   Epoch 27: batch 7/76 (9.2%) done
2025-04-23 11:04:07,325 INFO:   Epoch 27: batch 14/76 (18.4%) done
2025-04-23 11:04:08,346 INFO:   Epoch 27: batch 21/76 (27.6%) done
2025-04-23 11:04:09,370 INFO:   Epoch 27: batch 28/76 (36.8%) done
2025-04-23 11:04:10,394 INFO:   Epoch 27: batch 35/76 (46.1%) done
2025-04-23 11:04:11,415 INFO:   Epoch 27: batch 42/76 (55.3%) done
2025-04-23 11:04:12,440 INFO:   Epoch 27: batch 49/76 (64.5%) done
2025-04-23 11:04:13,464 INFO:   Epoch 27: batch 56/76 (73.7%) done
2025-04-23 11:04:14,488 INFO:   Epoch 27: batch 63/76 (82.9%) done
2025-04-23 11:04:15,508 INFO:   Epoch 27: batch 70/76 (92.1%) done
2025-04-23 11:04:16,540 INFO: Epoch 27/50 complete: Train Loss 0.8317, Val Loss 1.7939, Val Acc 0.4379
2025-04-23 11:04:16,540 INFO: Epoch 27: no improvement (best val_loss 1.5548)
2025-04-23 11:04:16,540 INFO: Starting epoch 28/50 (54.0% complete)
2025-04-23 11:04:17,563 INFO:   Epoch 28: batch 7/76 (9.2%) done
2025-04-23 11:04:18,578 INFO:   Epoch 28: batch 14/76 (18.4%) done
2025-04-23 11:04:19,596 INFO:   Epoch 28: batch 21/76 (27.6%) done
2025-04-23 11:04:20,707 INFO:   Epoch 28: batch 28/76 (36.8%) done
2025-04-23 11:04:21,730 INFO:   Epoch 28: batch 35/76 (46.1%) done
2025-04-23 11:04:22,756 INFO:   Epoch 28: batch 42/76 (55.3%) done
2025-04-23 11:04:23,847 INFO:   Epoch 28: batch 49/76 (64.5%) done
2025-04-23 11:04:25,013 INFO:   Epoch 28: batch 56/76 (73.7%) done
2025-04-23 11:04:26,115 INFO:   Epoch 28: batch 63/76 (82.9%) done
2025-04-23 11:04:27,594 INFO:   Epoch 28: batch 70/76 (92.1%) done
2025-04-23 11:04:29,063 INFO: Epoch 28/50 complete: Train Loss 0.8063, Val Loss 1.8141, Val Acc 0.4370
2025-04-23 11:04:29,063 INFO: Epoch 28: no improvement (best val_loss 1.5548)
2025-04-23 11:04:29,063 INFO: Starting epoch 29/50 (56.0% complete)
2025-04-23 11:04:30,201 INFO:   Epoch 29: batch 7/76 (9.2%) done
2025-04-23 11:04:31,246 INFO:   Epoch 29: batch 14/76 (18.4%) done
2025-04-23 11:04:32,314 INFO:   Epoch 29: batch 21/76 (27.6%) done
2025-04-23 11:04:33,335 INFO:   Epoch 29: batch 28/76 (36.8%) done
2025-04-23 11:04:34,352 INFO:   Epoch 29: batch 35/76 (46.1%) done
2025-04-23 11:04:35,381 INFO:   Epoch 29: batch 42/76 (55.3%) done
2025-04-23 11:04:36,402 INFO:   Epoch 29: batch 49/76 (64.5%) done
2025-04-23 11:04:37,452 INFO:   Epoch 29: batch 56/76 (73.7%) done
2025-04-23 11:04:38,490 INFO:   Epoch 29: batch 63/76 (82.9%) done
2025-04-23 11:04:39,590 INFO:   Epoch 29: batch 70/76 (92.1%) done
2025-04-23 11:04:40,720 INFO: Epoch 29/50 complete: Train Loss 0.8006, Val Loss 1.8052, Val Acc 0.4295
2025-04-23 11:04:40,720 INFO: Epoch 29: no improvement (best val_loss 1.5548)
2025-04-23 11:04:40,721 INFO: Starting epoch 30/50 (58.0% complete)
2025-04-23 11:04:41,779 INFO:   Epoch 30: batch 7/76 (9.2%) done
2025-04-23 11:04:42,808 INFO:   Epoch 30: batch 14/76 (18.4%) done
2025-04-23 11:04:43,828 INFO:   Epoch 30: batch 21/76 (27.6%) done
2025-04-23 11:04:44,855 INFO:   Epoch 30: batch 28/76 (36.8%) done
2025-04-23 11:04:45,877 INFO:   Epoch 30: batch 35/76 (46.1%) done
2025-04-23 11:04:46,892 INFO:   Epoch 30: batch 42/76 (55.3%) done
2025-04-23 11:04:47,913 INFO:   Epoch 30: batch 49/76 (64.5%) done
2025-04-23 11:04:48,931 INFO:   Epoch 30: batch 56/76 (73.7%) done
2025-04-23 11:04:49,950 INFO:   Epoch 30: batch 63/76 (82.9%) done
2025-04-23 11:04:50,973 INFO:   Epoch 30: batch 70/76 (92.1%) done
2025-04-23 11:04:52,000 INFO: Epoch 30/50 complete: Train Loss 0.8015, Val Loss 1.8997, Val Acc 0.4351
2025-04-23 11:04:52,000 INFO: Epoch 30: no improvement (best val_loss 1.5548)
2025-04-23 11:04:52,000 INFO: Starting epoch 31/50 (60.0% complete)
2025-04-23 11:04:53,023 INFO:   Epoch 31: batch 7/76 (9.2%) done
2025-04-23 11:04:54,045 INFO:   Epoch 31: batch 14/76 (18.4%) done
2025-04-23 11:04:55,070 INFO:   Epoch 31: batch 21/76 (27.6%) done
2025-04-23 11:04:56,090 INFO:   Epoch 31: batch 28/76 (36.8%) done
2025-04-23 11:04:57,113 INFO:   Epoch 31: batch 35/76 (46.1%) done
2025-04-23 11:04:58,139 INFO:   Epoch 31: batch 42/76 (55.3%) done
2025-04-23 11:04:59,162 INFO:   Epoch 31: batch 49/76 (64.5%) done
2025-04-23 11:05:00,196 INFO:   Epoch 31: batch 56/76 (73.7%) done
2025-04-23 11:05:01,219 INFO:   Epoch 31: batch 63/76 (82.9%) done
2025-04-23 11:05:02,304 INFO:   Epoch 31: batch 70/76 (92.1%) done
2025-04-23 11:05:03,563 INFO: Epoch 31/50 complete: Train Loss 0.7899, Val Loss 1.8006, Val Acc 0.4398
2025-04-23 11:05:03,563 INFO: Epoch 31: no improvement (best val_loss 1.5548)
2025-04-23 11:05:03,564 INFO: Starting epoch 32/50 (62.0% complete)
2025-04-23 11:05:04,632 INFO:   Epoch 32: batch 7/76 (9.2%) done
2025-04-23 11:05:05,661 INFO:   Epoch 32: batch 14/76 (18.4%) done
2025-04-23 11:05:06,741 INFO:   Epoch 32: batch 21/76 (27.6%) done
2025-04-23 11:05:07,756 INFO:   Epoch 32: batch 28/76 (36.8%) done
2025-04-23 11:05:08,777 INFO:   Epoch 32: batch 35/76 (46.1%) done
2025-04-23 11:05:09,794 INFO:   Epoch 32: batch 42/76 (55.3%) done
2025-04-23 11:05:10,847 INFO:   Epoch 32: batch 49/76 (64.5%) done
2025-04-23 11:05:11,874 INFO:   Epoch 32: batch 56/76 (73.7%) done
2025-04-23 11:05:12,895 INFO:   Epoch 32: batch 63/76 (82.9%) done
2025-04-23 11:05:13,919 INFO:   Epoch 32: batch 70/76 (92.1%) done
2025-04-23 11:05:14,939 INFO: Epoch 32/50 complete: Train Loss 0.7874, Val Loss 1.8748, Val Acc 0.4370
2025-04-23 11:05:14,939 INFO: Epoch 32: no improvement (best val_loss 1.5548)
2025-04-23 11:05:14,939 INFO: Starting epoch 33/50 (64.0% complete)
2025-04-23 11:05:15,963 INFO:   Epoch 33: batch 7/76 (9.2%) done
2025-04-23 11:05:16,983 INFO:   Epoch 33: batch 14/76 (18.4%) done
2025-04-23 11:05:18,003 INFO:   Epoch 33: batch 21/76 (27.6%) done
2025-04-23 11:05:19,016 INFO:   Epoch 33: batch 28/76 (36.8%) done
2025-04-23 11:05:20,031 INFO:   Epoch 33: batch 35/76 (46.1%) done
2025-04-23 11:05:21,054 INFO:   Epoch 33: batch 42/76 (55.3%) done
2025-04-23 11:05:22,080 INFO:   Epoch 33: batch 49/76 (64.5%) done
2025-04-23 11:05:23,108 INFO:   Epoch 33: batch 56/76 (73.7%) done
2025-04-23 11:05:24,131 INFO:   Epoch 33: batch 63/76 (82.9%) done
2025-04-23 11:05:25,154 INFO:   Epoch 33: batch 70/76 (92.1%) done
2025-04-23 11:05:26,183 INFO: Epoch 33/50 complete: Train Loss 0.7580, Val Loss 1.9408, Val Acc 0.4295
2025-04-23 11:05:26,183 INFO: Epoch 33: no improvement (best val_loss 1.5548)
2025-04-23 11:05:26,183 INFO: Starting epoch 34/50 (66.0% complete)
2025-04-23 11:05:27,172 INFO:   Epoch 34: batch 7/76 (9.2%) done
2025-04-23 11:05:28,192 INFO:   Epoch 34: batch 14/76 (18.4%) done
2025-04-23 11:05:29,290 INFO:   Epoch 34: batch 21/76 (27.6%) done
2025-04-23 11:05:30,312 INFO:   Epoch 34: batch 28/76 (36.8%) done
2025-04-23 11:05:31,333 INFO:   Epoch 34: batch 35/76 (46.1%) done
2025-04-23 11:05:32,385 INFO:   Epoch 34: batch 42/76 (55.3%) done
2025-04-23 11:05:33,441 INFO:   Epoch 34: batch 49/76 (64.5%) done
2025-04-23 11:05:34,462 INFO:   Epoch 34: batch 56/76 (73.7%) done
2025-04-23 11:05:35,523 INFO:   Epoch 34: batch 63/76 (82.9%) done
2025-04-23 11:05:36,624 INFO:   Epoch 34: batch 70/76 (92.1%) done
2025-04-23 11:05:37,652 INFO: Epoch 34/50 complete: Train Loss 0.7404, Val Loss 1.9633, Val Acc 0.4360
2025-04-23 11:05:37,652 INFO: Epoch 34: no improvement (best val_loss 1.5548)
2025-04-23 11:05:37,652 INFO: Starting epoch 35/50 (68.0% complete)
2025-04-23 11:05:38,674 INFO:   Epoch 35: batch 7/76 (9.2%) done
2025-04-23 11:05:39,702 INFO:   Epoch 35: batch 14/76 (18.4%) done
2025-04-23 11:05:40,728 INFO:   Epoch 35: batch 21/76 (27.6%) done
2025-04-23 11:05:41,754 INFO:   Epoch 35: batch 28/76 (36.8%) done
2025-04-23 11:05:42,777 INFO:   Epoch 35: batch 35/76 (46.1%) done
2025-04-23 11:05:43,796 INFO:   Epoch 35: batch 42/76 (55.3%) done
2025-04-23 11:05:44,817 INFO:   Epoch 35: batch 49/76 (64.5%) done
2025-04-23 11:05:45,849 INFO:   Epoch 35: batch 56/76 (73.7%) done
2025-04-23 11:05:46,910 INFO:   Epoch 35: batch 63/76 (82.9%) done
2025-04-23 11:05:47,932 INFO:   Epoch 35: batch 70/76 (92.1%) done
2025-04-23 11:05:48,956 INFO: Epoch 35/50 complete: Train Loss 0.7450, Val Loss 1.9661, Val Acc 0.4351
2025-04-23 11:05:48,956 INFO: Epoch 35: no improvement (best val_loss 1.5548)
2025-04-23 11:05:48,956 INFO: Starting epoch 36/50 (70.0% complete)
2025-04-23 11:05:49,984 INFO:   Epoch 36: batch 7/76 (9.2%) done
2025-04-23 11:05:51,005 INFO:   Epoch 36: batch 14/76 (18.4%) done
2025-04-23 11:05:52,027 INFO:   Epoch 36: batch 21/76 (27.6%) done
2025-04-23 11:05:53,051 INFO:   Epoch 36: batch 28/76 (36.8%) done
2025-04-23 11:05:54,072 INFO:   Epoch 36: batch 35/76 (46.1%) done
2025-04-23 11:05:55,095 INFO:   Epoch 36: batch 42/76 (55.3%) done
2025-04-23 11:05:56,118 INFO:   Epoch 36: batch 49/76 (64.5%) done
2025-04-23 11:05:57,140 INFO:   Epoch 36: batch 56/76 (73.7%) done
2025-04-23 11:05:58,166 INFO:   Epoch 36: batch 63/76 (82.9%) done
2025-04-23 11:05:59,189 INFO:   Epoch 36: batch 70/76 (92.1%) done
2025-04-23 11:06:00,220 INFO: Epoch 36/50 complete: Train Loss 0.7439, Val Loss 2.0034, Val Acc 0.4267
2025-04-23 11:06:00,220 INFO: Epoch 36: no improvement (best val_loss 1.5548)
2025-04-23 11:06:00,220 INFO: Starting epoch 37/50 (72.0% complete)
2025-04-23 11:06:01,243 INFO:   Epoch 37: batch 7/76 (9.2%) done
2025-04-23 11:06:02,267 INFO:   Epoch 37: batch 14/76 (18.4%) done
2025-04-23 11:06:03,287 INFO:   Epoch 37: batch 21/76 (27.6%) done
2025-04-23 11:06:04,309 INFO:   Epoch 37: batch 28/76 (36.8%) done
2025-04-23 11:06:05,331 INFO:   Epoch 37: batch 35/76 (46.1%) done
2025-04-23 11:06:06,359 INFO:   Epoch 37: batch 42/76 (55.3%) done
2025-04-23 11:06:07,382 INFO:   Epoch 37: batch 49/76 (64.5%) done
2025-04-23 11:06:08,407 INFO:   Epoch 37: batch 56/76 (73.7%) done
2025-04-23 11:06:09,432 INFO:   Epoch 37: batch 63/76 (82.9%) done
2025-04-23 11:06:10,456 INFO:   Epoch 37: batch 70/76 (92.1%) done
2025-04-23 11:06:11,480 INFO: Epoch 37/50 complete: Train Loss 0.7403, Val Loss 2.0165, Val Acc 0.4248
2025-04-23 11:06:11,480 INFO: Epoch 37: no improvement (best val_loss 1.5548)
2025-04-23 11:06:11,480 INFO: Starting epoch 38/50 (74.0% complete)
2025-04-23 11:06:12,504 INFO:   Epoch 38: batch 7/76 (9.2%) done
2025-04-23 11:06:13,529 INFO:   Epoch 38: batch 14/76 (18.4%) done
2025-04-23 11:06:14,554 INFO:   Epoch 38: batch 21/76 (27.6%) done
2025-04-23 11:06:15,579 INFO:   Epoch 38: batch 28/76 (36.8%) done
2025-04-23 11:06:16,601 INFO:   Epoch 38: batch 35/76 (46.1%) done
2025-04-23 11:06:17,627 INFO:   Epoch 38: batch 42/76 (55.3%) done
2025-04-23 11:06:18,650 INFO:   Epoch 38: batch 49/76 (64.5%) done
2025-04-23 11:06:19,662 INFO:   Epoch 38: batch 56/76 (73.7%) done
2025-04-23 11:06:20,688 INFO:   Epoch 38: batch 63/76 (82.9%) done
2025-04-23 11:06:21,718 INFO:   Epoch 38: batch 70/76 (92.1%) done
2025-04-23 11:06:22,747 INFO: Epoch 38/50 complete: Train Loss 0.7393, Val Loss 2.0254, Val Acc 0.4323
2025-04-23 11:06:22,747 INFO: Epoch 38: no improvement (best val_loss 1.5548)
2025-04-23 11:06:22,747 INFO: Starting epoch 39/50 (76.0% complete)
2025-04-23 11:06:23,774 INFO:   Epoch 39: batch 7/76 (9.2%) done
2025-04-23 11:06:24,797 INFO:   Epoch 39: batch 14/76 (18.4%) done
2025-04-23 11:06:25,817 INFO:   Epoch 39: batch 21/76 (27.6%) done
2025-04-23 11:06:26,847 INFO:   Epoch 39: batch 28/76 (36.8%) done
2025-04-23 11:06:27,869 INFO:   Epoch 39: batch 35/76 (46.1%) done
2025-04-23 11:06:28,891 INFO:   Epoch 39: batch 42/76 (55.3%) done
2025-04-23 11:06:29,920 INFO:   Epoch 39: batch 49/76 (64.5%) done
2025-04-23 11:06:30,946 INFO:   Epoch 39: batch 56/76 (73.7%) done
2025-04-23 11:06:31,972 INFO:   Epoch 39: batch 63/76 (82.9%) done
2025-04-23 11:06:33,023 INFO:   Epoch 39: batch 70/76 (92.1%) done
2025-04-23 11:06:34,046 INFO: Epoch 39/50 complete: Train Loss 0.7190, Val Loss 2.0705, Val Acc 0.4230
2025-04-23 11:06:34,046 INFO: Epoch 39: no improvement (best val_loss 1.5548)
2025-04-23 11:06:34,046 INFO: Starting epoch 40/50 (78.0% complete)
2025-04-23 11:06:35,075 INFO:   Epoch 40: batch 7/76 (9.2%) done
2025-04-23 11:06:36,135 INFO:   Epoch 40: batch 14/76 (18.4%) done
2025-04-23 11:06:37,159 INFO:   Epoch 40: batch 21/76 (27.6%) done
2025-04-23 11:06:38,184 INFO:   Epoch 40: batch 28/76 (36.8%) done
2025-04-23 11:06:39,209 INFO:   Epoch 40: batch 35/76 (46.1%) done
2025-04-23 11:06:40,196 INFO:   Epoch 40: batch 42/76 (55.3%) done
2025-04-23 11:06:41,224 INFO:   Epoch 40: batch 49/76 (64.5%) done
2025-04-23 11:06:42,255 INFO:   Epoch 40: batch 56/76 (73.7%) done
2025-04-23 11:06:43,279 INFO:   Epoch 40: batch 63/76 (82.9%) done
2025-04-23 11:06:44,302 INFO:   Epoch 40: batch 70/76 (92.1%) done
2025-04-23 11:06:45,330 INFO: Epoch 40/50 complete: Train Loss 0.7210, Val Loss 2.0643, Val Acc 0.4267
2025-04-23 11:06:45,330 INFO: Epoch 40: no improvement (best val_loss 1.5548)
2025-04-23 11:06:45,330 INFO: Starting epoch 41/50 (80.0% complete)
2025-04-23 11:06:46,353 INFO:   Epoch 41: batch 7/76 (9.2%) done
2025-04-23 11:06:47,378 INFO:   Epoch 41: batch 14/76 (18.4%) done
2025-04-23 11:06:48,402 INFO:   Epoch 41: batch 21/76 (27.6%) done
2025-04-23 11:06:49,417 INFO:   Epoch 41: batch 28/76 (36.8%) done
2025-04-23 11:06:50,453 INFO:   Epoch 41: batch 35/76 (46.1%) done
2025-04-23 11:06:51,478 INFO:   Epoch 41: batch 42/76 (55.3%) done
2025-04-23 11:06:52,501 INFO:   Epoch 41: batch 49/76 (64.5%) done
2025-04-23 11:06:53,514 INFO:   Epoch 41: batch 56/76 (73.7%) done
2025-04-23 11:06:54,525 INFO:   Epoch 41: batch 63/76 (82.9%) done
2025-04-23 11:06:55,551 INFO:   Epoch 41: batch 70/76 (92.1%) done
2025-04-23 11:06:56,579 INFO: Epoch 41/50 complete: Train Loss 0.7159, Val Loss 2.0595, Val Acc 0.4211
2025-04-23 11:06:56,579 INFO: Epoch 41: no improvement (best val_loss 1.5548)
2025-04-23 11:06:56,579 INFO: Starting epoch 42/50 (82.0% complete)
2025-04-23 11:06:57,603 INFO:   Epoch 42: batch 7/76 (9.2%) done
2025-04-23 11:06:58,629 INFO:   Epoch 42: batch 14/76 (18.4%) done
2025-04-23 11:06:59,655 INFO:   Epoch 42: batch 21/76 (27.6%) done
2025-04-23 11:07:00,681 INFO:   Epoch 42: batch 28/76 (36.8%) done
2025-04-23 11:07:01,738 INFO:   Epoch 42: batch 35/76 (46.1%) done
2025-04-23 11:07:02,837 INFO:   Epoch 42: batch 42/76 (55.3%) done
2025-04-23 11:07:03,996 INFO:   Epoch 42: batch 49/76 (64.5%) done
2025-04-23 11:07:05,091 INFO:   Epoch 42: batch 56/76 (73.7%) done
2025-04-23 11:07:06,337 INFO:   Epoch 42: batch 63/76 (82.9%) done
2025-04-23 11:07:07,355 INFO:   Epoch 42: batch 70/76 (92.1%) done
2025-04-23 11:07:08,371 INFO: Epoch 42/50 complete: Train Loss 0.7121, Val Loss 2.0660, Val Acc 0.4220
2025-04-23 11:07:08,371 INFO: Epoch 42: no improvement (best val_loss 1.5548)
2025-04-23 11:07:08,371 INFO: Starting epoch 43/50 (84.0% complete)
2025-04-23 11:07:09,388 INFO:   Epoch 43: batch 7/76 (9.2%) done
2025-04-23 11:07:10,405 INFO:   Epoch 43: batch 14/76 (18.4%) done
2025-04-23 11:07:11,424 INFO:   Epoch 43: batch 21/76 (27.6%) done
2025-04-23 11:07:12,440 INFO:   Epoch 43: batch 28/76 (36.8%) done
2025-04-23 11:07:13,570 INFO:   Epoch 43: batch 35/76 (46.1%) done
2025-04-23 11:07:14,585 INFO:   Epoch 43: batch 42/76 (55.3%) done
2025-04-23 11:07:15,600 INFO:   Epoch 43: batch 49/76 (64.5%) done
2025-04-23 11:07:16,617 INFO:   Epoch 43: batch 56/76 (73.7%) done
2025-04-23 11:07:17,636 INFO:   Epoch 43: batch 63/76 (82.9%) done
2025-04-23 11:07:18,654 INFO:   Epoch 43: batch 70/76 (92.1%) done
2025-04-23 11:07:19,667 INFO: Epoch 43/50 complete: Train Loss 0.7105, Val Loss 2.0910, Val Acc 0.4286
2025-04-23 11:07:19,667 INFO: Epoch 43: no improvement (best val_loss 1.5548)
2025-04-23 11:07:19,667 INFO: Starting epoch 44/50 (86.0% complete)
2025-04-23 11:07:20,691 INFO:   Epoch 44: batch 7/76 (9.2%) done
2025-04-23 11:07:21,714 INFO:   Epoch 44: batch 14/76 (18.4%) done
2025-04-23 11:07:22,733 INFO:   Epoch 44: batch 21/76 (27.6%) done
2025-04-23 11:07:23,758 INFO:   Epoch 44: batch 28/76 (36.8%) done
2025-04-23 11:07:24,779 INFO:   Epoch 44: batch 35/76 (46.1%) done
2025-04-23 11:07:25,804 INFO:   Epoch 44: batch 42/76 (55.3%) done
2025-04-23 11:07:26,829 INFO:   Epoch 44: batch 49/76 (64.5%) done
2025-04-23 11:07:27,857 INFO:   Epoch 44: batch 56/76 (73.7%) done
2025-04-23 11:07:28,951 INFO:   Epoch 44: batch 63/76 (82.9%) done
2025-04-23 11:07:30,017 INFO:   Epoch 44: batch 70/76 (92.1%) done
2025-04-23 11:07:31,042 INFO: Epoch 44/50 complete: Train Loss 0.7140, Val Loss 2.0813, Val Acc 0.4323
2025-04-23 11:07:31,042 INFO: Epoch 44: no improvement (best val_loss 1.5548)
2025-04-23 11:07:31,042 INFO: Starting epoch 45/50 (88.0% complete)
2025-04-23 11:07:32,066 INFO:   Epoch 45: batch 7/76 (9.2%) done
2025-04-23 11:07:33,133 INFO:   Epoch 45: batch 14/76 (18.4%) done
2025-04-23 11:07:34,161 INFO:   Epoch 45: batch 21/76 (27.6%) done
2025-04-23 11:07:35,187 INFO:   Epoch 45: batch 28/76 (36.8%) done
2025-04-23 11:07:36,214 INFO:   Epoch 45: batch 35/76 (46.1%) done
2025-04-23 11:07:37,234 INFO:   Epoch 45: batch 42/76 (55.3%) done
2025-04-23 11:07:38,265 INFO:   Epoch 45: batch 49/76 (64.5%) done
2025-04-23 11:07:39,290 INFO:   Epoch 45: batch 56/76 (73.7%) done
2025-04-23 11:07:40,320 INFO:   Epoch 45: batch 63/76 (82.9%) done
2025-04-23 11:07:41,344 INFO:   Epoch 45: batch 70/76 (92.1%) done
2025-04-23 11:07:42,385 INFO: Epoch 45/50 complete: Train Loss 0.7039, Val Loss 2.0808, Val Acc 0.4220
2025-04-23 11:07:42,385 INFO: Epoch 45: no improvement (best val_loss 1.5548)
2025-04-23 11:07:42,385 INFO: Starting epoch 46/50 (90.0% complete)
2025-04-23 11:07:43,438 INFO:   Epoch 46: batch 7/76 (9.2%) done
2025-04-23 11:07:44,464 INFO:   Epoch 46: batch 14/76 (18.4%) done
2025-04-23 11:07:45,672 INFO:   Epoch 46: batch 21/76 (27.6%) done
2025-04-23 11:07:47,191 INFO:   Epoch 46: batch 28/76 (36.8%) done
2025-04-23 11:07:48,294 INFO:   Epoch 46: batch 35/76 (46.1%) done
2025-04-23 11:07:49,289 INFO:   Epoch 46: batch 42/76 (55.3%) done
2025-04-23 11:07:50,268 INFO:   Epoch 46: batch 49/76 (64.5%) done
2025-04-23 11:07:51,264 INFO:   Epoch 46: batch 56/76 (73.7%) done
2025-04-23 11:07:52,274 INFO:   Epoch 46: batch 63/76 (82.9%) done
2025-04-23 11:08:29,957 INFO:   Epoch 46: batch 70/76 (92.1%) done
2025-04-23 11:08:31,467 INFO: Epoch 46/50 complete: Train Loss 0.6973, Val Loss 2.1311, Val Acc 0.4276
2025-04-23 11:08:31,467 INFO: Epoch 46: no improvement (best val_loss 1.5548)
2025-04-23 11:08:31,467 INFO: Starting epoch 47/50 (92.0% complete)
2025-04-23 11:08:32,565 INFO:   Epoch 47: batch 7/76 (9.2%) done
2025-04-23 11:08:33,968 INFO:   Epoch 47: batch 14/76 (18.4%) done
2025-04-23 11:08:35,038 INFO:   Epoch 47: batch 21/76 (27.6%) done
2025-04-23 11:08:36,076 INFO:   Epoch 47: batch 28/76 (36.8%) done
2025-04-23 11:08:37,363 INFO:   Epoch 47: batch 35/76 (46.1%) done
2025-04-23 11:08:38,461 INFO:   Epoch 47: batch 42/76 (55.3%) done
2025-04-23 11:08:39,477 INFO:   Epoch 47: batch 49/76 (64.5%) done
2025-04-23 11:08:40,730 INFO:   Epoch 47: batch 56/76 (73.7%) done
2025-04-23 11:08:41,850 INFO:   Epoch 47: batch 63/76 (82.9%) done
2025-04-23 11:08:43,071 INFO:   Epoch 47: batch 70/76 (92.1%) done
2025-04-23 11:08:44,087 INFO: Epoch 47/50 complete: Train Loss 0.7000, Val Loss 2.1418, Val Acc 0.4239
2025-04-23 11:08:44,087 INFO: Epoch 47: no improvement (best val_loss 1.5548)
2025-04-23 11:08:44,087 INFO: Starting epoch 48/50 (94.0% complete)
2025-04-23 11:08:45,113 INFO:   Epoch 48: batch 7/76 (9.2%) done
2025-04-23 11:08:46,255 INFO:   Epoch 48: batch 14/76 (18.4%) done
2025-04-23 11:08:47,744 INFO:   Epoch 48: batch 21/76 (27.6%) done
2025-04-23 11:08:49,178 INFO:   Epoch 48: batch 28/76 (36.8%) done
2025-04-23 11:08:50,240 INFO:   Epoch 48: batch 35/76 (46.1%) done
2025-04-23 11:08:51,380 INFO:   Epoch 48: batch 42/76 (55.3%) done
2025-04-23 11:08:52,487 INFO:   Epoch 48: batch 49/76 (64.5%) done
2025-04-23 11:08:53,512 INFO:   Epoch 48: batch 56/76 (73.7%) done
2025-04-23 11:08:54,928 INFO:   Epoch 48: batch 63/76 (82.9%) done
2025-04-23 11:08:55,938 INFO:   Epoch 48: batch 70/76 (92.1%) done
2025-04-23 11:08:56,973 INFO: Epoch 48/50 complete: Train Loss 0.7019, Val Loss 2.1195, Val Acc 0.4286
2025-04-23 11:08:56,973 INFO: Epoch 48: no improvement (best val_loss 1.5548)
2025-04-23 11:08:56,973 INFO: Starting epoch 49/50 (96.0% complete)
2025-04-23 11:08:58,016 INFO:   Epoch 49: batch 7/76 (9.2%) done
2025-04-23 11:08:59,105 INFO:   Epoch 49: batch 14/76 (18.4%) done
2025-04-23 11:09:00,156 INFO:   Epoch 49: batch 21/76 (27.6%) done
2025-04-23 11:09:01,210 INFO:   Epoch 49: batch 28/76 (36.8%) done
2025-04-23 11:09:02,254 INFO:   Epoch 49: batch 35/76 (46.1%) done
2025-04-23 11:09:03,316 INFO:   Epoch 49: batch 42/76 (55.3%) done
2025-04-23 11:09:04,376 INFO:   Epoch 49: batch 49/76 (64.5%) done
2025-04-23 11:09:05,515 INFO:   Epoch 49: batch 56/76 (73.7%) done
2025-04-23 11:09:06,834 INFO:   Epoch 49: batch 63/76 (82.9%) done
2025-04-23 11:09:07,894 INFO:   Epoch 49: batch 70/76 (92.1%) done
2025-04-23 11:09:08,908 INFO: Epoch 49/50 complete: Train Loss 0.7040, Val Loss 2.1230, Val Acc 0.4248
2025-04-23 11:09:08,908 INFO: Epoch 49: no improvement (best val_loss 1.5548)
2025-04-23 11:09:08,908 INFO: Starting epoch 50/50 (98.0% complete)
2025-04-23 11:09:09,927 INFO:   Epoch 50: batch 7/76 (9.2%) done
2025-04-23 11:09:10,966 INFO:   Epoch 50: batch 14/76 (18.4%) done
2025-04-23 11:09:11,997 INFO:   Epoch 50: batch 21/76 (27.6%) done
2025-04-23 11:09:13,038 INFO:   Epoch 50: batch 28/76 (36.8%) done
2025-04-23 11:09:14,060 INFO:   Epoch 50: batch 35/76 (46.1%) done
2025-04-23 11:09:15,089 INFO:   Epoch 50: batch 42/76 (55.3%) done
2025-04-23 11:09:16,134 INFO:   Epoch 50: batch 49/76 (64.5%) done
2025-04-23 11:09:17,188 INFO:   Epoch 50: batch 56/76 (73.7%) done
2025-04-23 11:09:18,254 INFO:   Epoch 50: batch 63/76 (82.9%) done
2025-04-23 11:09:19,282 INFO:   Epoch 50: batch 70/76 (92.1%) done
2025-04-23 11:09:20,296 INFO: Epoch 50/50 complete: Train Loss 0.7002, Val Loss 2.1418, Val Acc 0.4230
2025-04-23 11:09:20,296 INFO: Epoch 50: no improvement (best val_loss 1.5548)
2025-04-23 11:09:20,297 INFO: Training complete. Best model saved to ../models/best_policy_net.pt.
2025-04-23 15:31:54,292 INFO: Using device: cpu
2025-04-23 15:31:54,499 INFO: Starting epoch 1/50 (0.0% complete)
2025-04-23 15:31:55,593 INFO:   Epoch 1: batch 7/76 (9.2%) done
2025-04-23 15:31:56,636 INFO:   Epoch 1: batch 14/76 (18.4%) done
2025-04-23 15:31:57,655 INFO:   Epoch 1: batch 21/76 (27.6%) done
2025-04-23 15:31:58,701 INFO:   Epoch 1: batch 28/76 (36.8%) done
2025-04-23 15:31:59,750 INFO:   Epoch 1: batch 35/76 (46.1%) done
2025-04-23 15:32:00,808 INFO:   Epoch 1: batch 42/76 (55.3%) done
2025-04-23 15:32:01,878 INFO:   Epoch 1: batch 49/76 (64.5%) done
2025-04-23 15:32:02,924 INFO:   Epoch 1: batch 56/76 (73.7%) done
2025-04-23 15:32:03,985 INFO:   Epoch 1: batch 63/76 (82.9%) done
2025-04-23 15:32:05,065 INFO:   Epoch 1: batch 70/76 (92.1%) done
2025-04-23 15:32:06,115 INFO: Epoch 1/50 complete: Train Loss 1.7909, Val Loss 1.7681, Val Acc 0.2577
2025-04-23 15:32:06,126 INFO: New best model at epoch 1, saved to ../models/best_policy_net.pt
2025-04-23 15:32:06,127 INFO: Starting epoch 2/50 (2.0% complete)
2025-04-23 15:32:07,152 INFO:   Epoch 2: batch 7/76 (9.2%) done
2025-04-23 15:32:08,198 INFO:   Epoch 2: batch 14/76 (18.4%) done
2025-04-23 15:32:09,250 INFO:   Epoch 2: batch 21/76 (27.6%) done
2025-04-23 15:32:10,296 INFO:   Epoch 2: batch 28/76 (36.8%) done
2025-04-23 15:32:11,376 INFO:   Epoch 2: batch 35/76 (46.1%) done
2025-04-23 15:32:12,924 INFO:   Epoch 2: batch 42/76 (55.3%) done
2025-04-23 15:32:14,029 INFO:   Epoch 2: batch 49/76 (64.5%) done
2025-04-23 15:32:15,390 INFO:   Epoch 2: batch 56/76 (73.7%) done
2025-04-23 15:32:16,531 INFO:   Epoch 2: batch 63/76 (82.9%) done
2025-04-23 15:32:17,573 INFO:   Epoch 2: batch 70/76 (92.1%) done
2025-04-23 15:32:18,628 INFO: Epoch 2/50 complete: Train Loss 1.7121, Val Loss 1.7361, Val Acc 0.2932
2025-04-23 15:32:18,640 INFO: New best model at epoch 2, saved to ../models/best_policy_net.pt
2025-04-23 15:32:18,640 INFO: Starting epoch 3/50 (4.0% complete)
2025-04-23 15:32:19,692 INFO:   Epoch 3: batch 7/76 (9.2%) done
2025-04-23 15:32:20,751 INFO:   Epoch 3: batch 14/76 (18.4%) done
2025-04-23 15:32:21,797 INFO:   Epoch 3: batch 21/76 (27.6%) done
2025-04-23 15:32:22,837 INFO:   Epoch 3: batch 28/76 (36.8%) done
2025-04-23 15:32:23,882 INFO:   Epoch 3: batch 35/76 (46.1%) done
2025-04-23 15:32:24,947 INFO:   Epoch 3: batch 42/76 (55.3%) done
2025-04-23 15:32:25,996 INFO:   Epoch 3: batch 49/76 (64.5%) done
2025-04-23 15:32:27,044 INFO:   Epoch 3: batch 56/76 (73.7%) done
2025-04-23 15:32:28,102 INFO:   Epoch 3: batch 63/76 (82.9%) done
2025-04-23 15:32:29,150 INFO:   Epoch 3: batch 70/76 (92.1%) done
2025-04-23 15:32:30,205 INFO: Epoch 3/50 complete: Train Loss 1.6607, Val Loss 1.7236, Val Acc 0.3007
2025-04-23 15:32:30,215 INFO: New best model at epoch 3, saved to ../models/best_policy_net.pt
2025-04-23 15:32:30,216 INFO: Starting epoch 4/50 (6.0% complete)
2025-04-23 15:32:31,236 INFO:   Epoch 4: batch 7/76 (9.2%) done
2025-04-23 15:32:32,302 INFO:   Epoch 4: batch 14/76 (18.4%) done
2025-04-23 15:32:33,437 INFO:   Epoch 4: batch 21/76 (27.6%) done
2025-04-23 15:32:34,522 INFO:   Epoch 4: batch 28/76 (36.8%) done
2025-04-23 15:32:35,572 INFO:   Epoch 4: batch 35/76 (46.1%) done
2025-04-23 15:32:36,617 INFO:   Epoch 4: batch 42/76 (55.3%) done
2025-04-23 15:32:37,668 INFO:   Epoch 4: batch 49/76 (64.5%) done
2025-04-23 15:32:38,721 INFO:   Epoch 4: batch 56/76 (73.7%) done
2025-04-23 15:32:39,775 INFO:   Epoch 4: batch 63/76 (82.9%) done
2025-04-23 15:32:40,827 INFO:   Epoch 4: batch 70/76 (92.1%) done
2025-04-23 15:32:41,872 INFO: Epoch 4/50 complete: Train Loss 1.6132, Val Loss 1.7437, Val Acc 0.3221
2025-04-23 15:32:41,873 INFO: Epoch 4: no improvement (best val_loss 1.7236)
2025-04-23 15:32:41,873 INFO: Starting epoch 5/50 (8.0% complete)
2025-04-23 15:32:42,921 INFO:   Epoch 5: batch 7/76 (9.2%) done
2025-04-23 15:32:43,970 INFO:   Epoch 5: batch 14/76 (18.4%) done
2025-04-23 15:32:45,032 INFO:   Epoch 5: batch 21/76 (27.6%) done
2025-04-23 15:32:46,084 INFO:   Epoch 5: batch 28/76 (36.8%) done
2025-04-23 15:32:47,131 INFO:   Epoch 5: batch 35/76 (46.1%) done
2025-04-23 15:32:48,177 INFO:   Epoch 5: batch 42/76 (55.3%) done
2025-04-23 15:32:49,237 INFO:   Epoch 5: batch 49/76 (64.5%) done
2025-04-23 15:32:50,340 INFO:   Epoch 5: batch 56/76 (73.7%) done
2025-04-23 15:32:51,387 INFO:   Epoch 5: batch 63/76 (82.9%) done
2025-04-23 15:32:52,434 INFO:   Epoch 5: batch 70/76 (92.1%) done
2025-04-23 15:32:53,493 INFO: Epoch 5/50 complete: Train Loss 1.5672, Val Loss 1.7612, Val Acc 0.2997
2025-04-23 15:32:53,493 INFO: Epoch 5: no improvement (best val_loss 1.7236)
2025-04-23 15:32:53,493 INFO: Starting epoch 6/50 (10.0% complete)
2025-04-23 15:32:54,543 INFO:   Epoch 6: batch 7/76 (9.2%) done
2025-04-23 15:32:55,599 INFO:   Epoch 6: batch 14/76 (18.4%) done
2025-04-23 15:32:56,647 INFO:   Epoch 6: batch 21/76 (27.6%) done
2025-04-23 15:32:57,694 INFO:   Epoch 6: batch 28/76 (36.8%) done
2025-04-23 15:32:58,750 INFO:   Epoch 6: batch 35/76 (46.1%) done
2025-04-23 15:32:59,794 INFO:   Epoch 6: batch 42/76 (55.3%) done
2025-04-23 15:33:00,849 INFO:   Epoch 6: batch 49/76 (64.5%) done
2025-04-23 15:33:01,924 INFO:   Epoch 6: batch 56/76 (73.7%) done
2025-04-23 15:33:02,977 INFO:   Epoch 6: batch 63/76 (82.9%) done
2025-04-23 15:33:04,047 INFO:   Epoch 6: batch 70/76 (92.1%) done
2025-04-23 15:33:05,118 INFO: Epoch 6/50 complete: Train Loss 1.5289, Val Loss 1.6463, Val Acc 0.3604
2025-04-23 15:33:05,128 INFO: New best model at epoch 6, saved to ../models/best_policy_net.pt
2025-04-23 15:33:05,128 INFO: Starting epoch 7/50 (12.0% complete)
2025-04-23 15:33:06,152 INFO:   Epoch 7: batch 7/76 (9.2%) done
2025-04-23 15:33:07,214 INFO:   Epoch 7: batch 14/76 (18.4%) done
2025-04-23 15:33:08,265 INFO:   Epoch 7: batch 21/76 (27.6%) done
2025-04-23 15:33:09,314 INFO:   Epoch 7: batch 28/76 (36.8%) done
2025-04-23 15:33:10,366 INFO:   Epoch 7: batch 35/76 (46.1%) done
2025-04-23 15:33:11,438 INFO:   Epoch 7: batch 42/76 (55.3%) done
2025-04-23 15:33:12,543 INFO:   Epoch 7: batch 49/76 (64.5%) done
2025-04-23 15:33:13,595 INFO:   Epoch 7: batch 56/76 (73.7%) done
2025-04-23 15:33:14,644 INFO:   Epoch 7: batch 63/76 (82.9%) done
2025-04-23 15:33:15,691 INFO:   Epoch 7: batch 70/76 (92.1%) done
2025-04-23 15:33:16,738 INFO: Epoch 7/50 complete: Train Loss 1.4818, Val Loss 1.6391, Val Acc 0.3511
2025-04-23 15:33:16,748 INFO: New best model at epoch 7, saved to ../models/best_policy_net.pt
2025-04-23 15:33:16,748 INFO: Starting epoch 8/50 (14.0% complete)
2025-04-23 15:33:17,775 INFO:   Epoch 8: batch 7/76 (9.2%) done
2025-04-23 15:33:18,837 INFO:   Epoch 8: batch 14/76 (18.4%) done
2025-04-23 15:33:19,920 INFO:   Epoch 8: batch 21/76 (27.6%) done
2025-04-23 15:33:20,962 INFO:   Epoch 8: batch 28/76 (36.8%) done
2025-04-23 15:33:22,009 INFO:   Epoch 8: batch 35/76 (46.1%) done
2025-04-23 15:33:23,060 INFO:   Epoch 8: batch 42/76 (55.3%) done
2025-04-23 15:33:24,110 INFO:   Epoch 8: batch 49/76 (64.5%) done
2025-04-23 15:33:25,157 INFO:   Epoch 8: batch 56/76 (73.7%) done
2025-04-23 15:33:26,203 INFO:   Epoch 8: batch 63/76 (82.9%) done
2025-04-23 15:33:27,252 INFO:   Epoch 8: batch 70/76 (92.1%) done
2025-04-23 15:33:28,300 INFO: Epoch 8/50 complete: Train Loss 1.4391, Val Loss 1.7318, Val Acc 0.3567
2025-04-23 15:33:28,300 INFO: Epoch 8: no improvement (best val_loss 1.6391)
2025-04-23 15:33:28,300 INFO: Starting epoch 9/50 (16.0% complete)
2025-04-23 15:33:29,380 INFO:   Epoch 9: batch 7/76 (9.2%) done
2025-04-23 15:33:30,423 INFO:   Epoch 9: batch 14/76 (18.4%) done
2025-04-23 15:33:31,536 INFO:   Epoch 9: batch 21/76 (27.6%) done
2025-04-23 15:33:32,583 INFO:   Epoch 9: batch 28/76 (36.8%) done
2025-04-23 15:33:33,632 INFO:   Epoch 9: batch 35/76 (46.1%) done
2025-04-23 15:33:34,710 INFO:   Epoch 9: batch 42/76 (55.3%) done
2025-04-23 15:33:35,761 INFO:   Epoch 9: batch 49/76 (64.5%) done
2025-04-23 15:33:36,808 INFO:   Epoch 9: batch 56/76 (73.7%) done
2025-04-23 15:33:37,853 INFO:   Epoch 9: batch 63/76 (82.9%) done
2025-04-23 15:33:38,911 INFO:   Epoch 9: batch 70/76 (92.1%) done
2025-04-23 15:33:39,999 INFO: Epoch 9/50 complete: Train Loss 1.4138, Val Loss 1.6010, Val Acc 0.3903
2025-04-23 15:33:40,008 INFO: New best model at epoch 9, saved to ../models/best_policy_net.pt
2025-04-23 15:33:40,009 INFO: Starting epoch 10/50 (18.0% complete)
2025-04-23 15:33:41,828 INFO:   Epoch 10: batch 7/76 (9.2%) done
2025-04-23 15:33:43,013 INFO:   Epoch 10: batch 14/76 (18.4%) done
2025-04-23 15:33:44,168 INFO:   Epoch 10: batch 21/76 (27.6%) done
2025-04-23 15:33:45,292 INFO:   Epoch 10: batch 28/76 (36.8%) done
2025-04-23 15:33:46,398 INFO:   Epoch 10: batch 35/76 (46.1%) done
2025-04-23 15:33:47,447 INFO:   Epoch 10: batch 42/76 (55.3%) done
2025-04-23 15:33:48,499 INFO:   Epoch 10: batch 49/76 (64.5%) done
2025-04-23 15:33:49,549 INFO:   Epoch 10: batch 56/76 (73.7%) done
2025-04-23 15:33:50,595 INFO:   Epoch 10: batch 63/76 (82.9%) done
2025-04-23 15:33:51,647 INFO:   Epoch 10: batch 70/76 (92.1%) done
2025-04-23 15:33:52,695 INFO: Epoch 10/50 complete: Train Loss 1.3686, Val Loss 1.7122, Val Acc 0.3819
2025-04-23 15:33:52,695 INFO: Epoch 10: no improvement (best val_loss 1.6010)
2025-04-23 15:33:52,695 INFO: Starting epoch 11/50 (20.0% complete)
2025-04-23 15:33:53,751 INFO:   Epoch 11: batch 7/76 (9.2%) done
2025-04-23 15:33:54,805 INFO:   Epoch 11: batch 14/76 (18.4%) done
2025-04-23 15:33:55,853 INFO:   Epoch 11: batch 21/76 (27.6%) done
2025-04-23 15:33:56,910 INFO:   Epoch 11: batch 28/76 (36.8%) done
2025-04-23 15:33:57,991 INFO:   Epoch 11: batch 35/76 (46.1%) done
2025-04-23 15:33:59,059 INFO:   Epoch 11: batch 42/76 (55.3%) done
2025-04-23 15:34:00,180 INFO:   Epoch 11: batch 49/76 (64.5%) done
2025-04-23 15:34:01,275 INFO:   Epoch 11: batch 56/76 (73.7%) done
2025-04-23 15:34:02,468 INFO:   Epoch 11: batch 63/76 (82.9%) done
2025-04-23 15:34:03,530 INFO:   Epoch 11: batch 70/76 (92.1%) done
2025-04-23 15:34:04,624 INFO: Epoch 11/50 complete: Train Loss 1.3239, Val Loss 1.6137, Val Acc 0.3875
2025-04-23 15:34:04,624 INFO: Epoch 11: no improvement (best val_loss 1.6010)
2025-04-23 15:34:04,624 INFO: Starting epoch 12/50 (22.0% complete)
2025-04-23 15:34:05,681 INFO:   Epoch 12: batch 7/76 (9.2%) done
2025-04-23 15:34:06,735 INFO:   Epoch 12: batch 14/76 (18.4%) done
2025-04-23 15:34:07,801 INFO:   Epoch 12: batch 21/76 (27.6%) done
2025-04-23 15:34:08,994 INFO:   Epoch 12: batch 28/76 (36.8%) done
2025-04-23 15:34:10,041 INFO:   Epoch 12: batch 35/76 (46.1%) done
2025-04-23 15:34:11,160 INFO:   Epoch 12: batch 42/76 (55.3%) done
2025-04-23 15:34:12,218 INFO:   Epoch 12: batch 49/76 (64.5%) done
2025-04-23 15:34:13,274 INFO:   Epoch 12: batch 56/76 (73.7%) done
2025-04-23 15:34:14,371 INFO:   Epoch 12: batch 63/76 (82.9%) done
2025-04-23 15:34:15,418 INFO:   Epoch 12: batch 70/76 (92.1%) done
2025-04-23 15:34:16,505 INFO: Epoch 12/50 complete: Train Loss 1.2769, Val Loss 1.6663, Val Acc 0.3884
2025-04-23 15:34:16,505 INFO: Epoch 12: no improvement (best val_loss 1.6010)
2025-04-23 15:34:16,505 INFO: Starting epoch 13/50 (24.0% complete)
2025-04-23 15:34:17,565 INFO:   Epoch 13: batch 7/76 (9.2%) done
2025-04-23 15:34:18,611 INFO:   Epoch 13: batch 14/76 (18.4%) done
2025-04-23 15:34:19,694 INFO:   Epoch 13: batch 21/76 (27.6%) done
2025-04-23 15:34:20,744 INFO:   Epoch 13: batch 28/76 (36.8%) done
2025-04-23 15:34:21,793 INFO:   Epoch 13: batch 35/76 (46.1%) done
2025-04-23 15:34:22,846 INFO:   Epoch 13: batch 42/76 (55.3%) done
2025-04-23 15:34:23,891 INFO:   Epoch 13: batch 49/76 (64.5%) done
2025-04-23 15:34:24,939 INFO:   Epoch 13: batch 56/76 (73.7%) done
2025-04-23 15:34:25,987 INFO:   Epoch 13: batch 63/76 (82.9%) done
2025-04-23 15:34:27,033 INFO:   Epoch 13: batch 70/76 (92.1%) done
2025-04-23 15:34:28,102 INFO: Epoch 13/50 complete: Train Loss 1.2468, Val Loss 1.7077, Val Acc 0.4006
2025-04-23 15:34:28,102 INFO: Epoch 13: no improvement (best val_loss 1.6010)
2025-04-23 15:34:28,102 INFO: Starting epoch 14/50 (26.0% complete)
2025-04-23 15:34:29,157 INFO:   Epoch 14: batch 7/76 (9.2%) done
2025-04-23 15:34:30,208 INFO:   Epoch 14: batch 14/76 (18.4%) done
2025-04-23 15:34:31,260 INFO:   Epoch 14: batch 21/76 (27.6%) done
2025-04-23 15:34:32,335 INFO:   Epoch 14: batch 28/76 (36.8%) done
2025-04-23 15:34:33,772 INFO:   Epoch 14: batch 35/76 (46.1%) done
2025-04-23 15:34:34,828 INFO:   Epoch 14: batch 42/76 (55.3%) done
2025-04-23 15:34:35,880 INFO:   Epoch 14: batch 49/76 (64.5%) done
2025-04-23 15:34:36,931 INFO:   Epoch 14: batch 56/76 (73.7%) done
2025-04-23 15:34:38,043 INFO:   Epoch 14: batch 63/76 (82.9%) done
2025-04-23 15:34:39,102 INFO:   Epoch 14: batch 70/76 (92.1%) done
2025-04-23 15:34:40,158 INFO: Epoch 14/50 complete: Train Loss 1.2198, Val Loss 1.5548, Val Acc 0.4108
2025-04-23 15:34:40,168 INFO: New best model at epoch 14, saved to ../models/best_policy_net.pt
2025-04-23 15:34:40,168 INFO: Starting epoch 15/50 (28.0% complete)
2025-04-23 15:34:41,190 INFO:   Epoch 15: batch 7/76 (9.2%) done
2025-04-23 15:34:42,237 INFO:   Epoch 15: batch 14/76 (18.4%) done
2025-04-23 15:34:43,309 INFO:   Epoch 15: batch 21/76 (27.6%) done
2025-04-23 15:34:44,585 INFO:   Epoch 15: batch 28/76 (36.8%) done
2025-04-23 15:34:45,764 INFO:   Epoch 15: batch 35/76 (46.1%) done
2025-04-23 15:34:47,105 INFO:   Epoch 15: batch 42/76 (55.3%) done
2025-04-23 15:34:48,166 INFO:   Epoch 15: batch 49/76 (64.5%) done
2025-04-23 15:34:49,263 INFO:   Epoch 15: batch 56/76 (73.7%) done
2025-04-23 15:34:50,408 INFO:   Epoch 15: batch 63/76 (82.9%) done
2025-04-23 15:34:51,460 INFO:   Epoch 15: batch 70/76 (92.1%) done
2025-04-23 15:34:52,508 INFO: Epoch 15/50 complete: Train Loss 1.1814, Val Loss 1.6141, Val Acc 0.4183
2025-04-23 15:34:52,509 INFO: Epoch 15: no improvement (best val_loss 1.5548)
2025-04-23 15:34:52,509 INFO: Starting epoch 16/50 (30.0% complete)
2025-04-23 15:34:53,567 INFO:   Epoch 16: batch 7/76 (9.2%) done
2025-04-23 15:34:54,640 INFO:   Epoch 16: batch 14/76 (18.4%) done
2025-04-23 15:34:55,704 INFO:   Epoch 16: batch 21/76 (27.6%) done
2025-04-23 15:34:56,762 INFO:   Epoch 16: batch 28/76 (36.8%) done
2025-04-23 15:34:57,809 INFO:   Epoch 16: batch 35/76 (46.1%) done
2025-04-23 15:34:58,869 INFO:   Epoch 16: batch 42/76 (55.3%) done
2025-04-23 15:34:59,944 INFO:   Epoch 16: batch 49/76 (64.5%) done
2025-04-23 15:35:01,075 INFO:   Epoch 16: batch 56/76 (73.7%) done
2025-04-23 15:35:02,245 INFO:   Epoch 16: batch 63/76 (82.9%) done
2025-04-23 15:35:03,530 INFO:   Epoch 16: batch 70/76 (92.1%) done
2025-04-23 15:35:04,669 INFO: Epoch 16/50 complete: Train Loss 1.1493, Val Loss 1.7705, Val Acc 0.3940
2025-04-23 15:35:04,669 INFO: Epoch 16: no improvement (best val_loss 1.5548)
2025-04-23 15:35:04,669 INFO: Starting epoch 17/50 (32.0% complete)
2025-04-23 15:35:05,800 INFO:   Epoch 17: batch 7/76 (9.2%) done
2025-04-23 15:35:07,127 INFO:   Epoch 17: batch 14/76 (18.4%) done
2025-04-23 15:35:09,003 INFO:   Epoch 17: batch 21/76 (27.6%) done
2025-04-23 15:35:10,045 INFO:   Epoch 17: batch 28/76 (36.8%) done
2025-04-23 15:35:11,094 INFO:   Epoch 17: batch 35/76 (46.1%) done
2025-04-23 15:35:12,165 INFO:   Epoch 17: batch 42/76 (55.3%) done
2025-04-23 15:35:13,216 INFO:   Epoch 17: batch 49/76 (64.5%) done
2025-04-23 15:35:14,294 INFO:   Epoch 17: batch 56/76 (73.7%) done
2025-04-23 15:35:15,419 INFO:   Epoch 17: batch 63/76 (82.9%) done
2025-04-23 15:35:16,509 INFO:   Epoch 17: batch 70/76 (92.1%) done
2025-04-23 15:35:17,575 INFO: Epoch 17/50 complete: Train Loss 1.1370, Val Loss 1.6587, Val Acc 0.3940
2025-04-23 15:35:17,575 INFO: Epoch 17: no improvement (best val_loss 1.5548)
2025-04-23 15:35:17,575 INFO: Starting epoch 18/50 (34.0% complete)
2025-04-23 15:35:18,683 INFO:   Epoch 18: batch 7/76 (9.2%) done
2025-04-23 15:35:19,811 INFO:   Epoch 18: batch 14/76 (18.4%) done
2025-04-23 15:35:20,866 INFO:   Epoch 18: batch 21/76 (27.6%) done
2025-04-23 15:35:21,915 INFO:   Epoch 18: batch 28/76 (36.8%) done
2025-04-23 15:35:22,979 INFO:   Epoch 18: batch 35/76 (46.1%) done
2025-04-23 15:35:24,030 INFO:   Epoch 18: batch 42/76 (55.3%) done
2025-04-23 15:35:25,080 INFO:   Epoch 18: batch 49/76 (64.5%) done
2025-04-23 15:35:26,133 INFO:   Epoch 18: batch 56/76 (73.7%) done
2025-04-23 15:35:27,192 INFO:   Epoch 18: batch 63/76 (82.9%) done
2025-04-23 15:35:28,252 INFO:   Epoch 18: batch 70/76 (92.1%) done
2025-04-23 15:35:29,302 INFO: Epoch 18/50 complete: Train Loss 1.1050, Val Loss 1.7209, Val Acc 0.3828
2025-04-23 15:35:29,302 INFO: Epoch 18: no improvement (best val_loss 1.5548)
2025-04-23 15:35:29,302 INFO: Starting epoch 19/50 (36.0% complete)
2025-04-23 15:35:30,397 INFO:   Epoch 19: batch 7/76 (9.2%) done
2025-04-23 15:35:31,454 INFO:   Epoch 19: batch 14/76 (18.4%) done
2025-04-23 15:35:32,560 INFO:   Epoch 19: batch 21/76 (27.6%) done
2025-04-23 15:35:33,608 INFO:   Epoch 19: batch 28/76 (36.8%) done
2025-04-23 15:35:34,703 INFO:   Epoch 19: batch 35/76 (46.1%) done
2025-04-23 15:35:35,914 INFO:   Epoch 19: batch 42/76 (55.3%) done
2025-04-23 15:35:37,104 INFO:   Epoch 19: batch 49/76 (64.5%) done
2025-04-23 15:35:38,159 INFO:   Epoch 19: batch 56/76 (73.7%) done
2025-04-23 15:35:39,225 INFO:   Epoch 19: batch 63/76 (82.9%) done
2025-04-23 15:35:40,321 INFO:   Epoch 19: batch 70/76 (92.1%) done
2025-04-23 15:35:41,418 INFO: Epoch 19/50 complete: Train Loss 1.0904, Val Loss 1.8326, Val Acc 0.4183
2025-04-23 15:35:41,418 INFO: Epoch 19: no improvement (best val_loss 1.5548)
2025-04-23 15:35:41,418 INFO: Starting epoch 20/50 (38.0% complete)
2025-04-23 15:35:42,488 INFO:   Epoch 20: batch 7/76 (9.2%) done
2025-04-23 15:35:43,522 INFO:   Epoch 20: batch 14/76 (18.4%) done
2025-04-23 15:35:45,445 INFO:   Epoch 20: batch 21/76 (27.6%) done
2025-04-23 15:35:47,099 INFO:   Epoch 20: batch 28/76 (36.8%) done
2025-04-23 15:35:48,279 INFO:   Epoch 20: batch 35/76 (46.1%) done
2025-04-23 15:35:49,361 INFO:   Epoch 20: batch 42/76 (55.3%) done
2025-04-23 15:35:50,402 INFO:   Epoch 20: batch 49/76 (64.5%) done
2025-04-23 15:35:51,442 INFO:   Epoch 20: batch 56/76 (73.7%) done
2025-04-23 15:35:52,481 INFO:   Epoch 20: batch 63/76 (82.9%) done
2025-04-23 15:35:53,512 INFO:   Epoch 20: batch 70/76 (92.1%) done
2025-04-23 15:35:54,570 INFO: Epoch 20/50 complete: Train Loss 1.0727, Val Loss 1.6191, Val Acc 0.4230
2025-04-23 15:35:54,570 INFO: Epoch 20: no improvement (best val_loss 1.5548)
2025-04-23 15:35:54,570 INFO: Starting epoch 21/50 (40.0% complete)
2025-04-23 15:35:55,748 INFO:   Epoch 21: batch 7/76 (9.2%) done
2025-04-23 15:35:56,995 INFO:   Epoch 21: batch 14/76 (18.4%) done
2025-04-23 15:35:58,069 INFO:   Epoch 21: batch 21/76 (27.6%) done
2025-04-23 15:35:59,109 INFO:   Epoch 21: batch 28/76 (36.8%) done
2025-04-23 15:36:00,152 INFO:   Epoch 21: batch 35/76 (46.1%) done
2025-04-23 15:36:01,197 INFO:   Epoch 21: batch 42/76 (55.3%) done
2025-04-23 15:36:02,302 INFO:   Epoch 21: batch 49/76 (64.5%) done
2025-04-23 15:36:03,352 INFO:   Epoch 21: batch 56/76 (73.7%) done
2025-04-23 15:36:04,422 INFO:   Epoch 21: batch 63/76 (82.9%) done
2025-04-23 15:36:05,518 INFO:   Epoch 21: batch 70/76 (92.1%) done
2025-04-23 15:36:06,587 INFO: Epoch 21/50 complete: Train Loss 0.9706, Val Loss 1.5955, Val Acc 0.4332
2025-04-23 15:36:06,587 INFO: Epoch 21: no improvement (best val_loss 1.5548)
2025-04-23 15:36:06,587 INFO: Starting epoch 22/50 (42.0% complete)
2025-04-23 15:36:08,304 INFO:   Epoch 22: batch 7/76 (9.2%) done
2025-04-23 15:36:09,413 INFO:   Epoch 22: batch 14/76 (18.4%) done
2025-04-23 15:36:10,469 INFO:   Epoch 22: batch 21/76 (27.6%) done
2025-04-23 15:36:11,522 INFO:   Epoch 22: batch 28/76 (36.8%) done
2025-04-23 15:36:12,574 INFO:   Epoch 22: batch 35/76 (46.1%) done
2025-04-23 15:36:13,632 INFO:   Epoch 22: batch 42/76 (55.3%) done
2025-04-23 15:36:14,682 INFO:   Epoch 22: batch 49/76 (64.5%) done
2025-04-23 15:36:15,727 INFO:   Epoch 22: batch 56/76 (73.7%) done
2025-04-23 15:36:16,777 INFO:   Epoch 22: batch 63/76 (82.9%) done
2025-04-23 15:36:17,827 INFO:   Epoch 22: batch 70/76 (92.1%) done
2025-04-23 15:36:18,873 INFO: Epoch 22/50 complete: Train Loss 0.9340, Val Loss 1.7111, Val Acc 0.4220
2025-04-23 15:36:18,874 INFO: Epoch 22: no improvement (best val_loss 1.5548)
2025-04-23 15:36:18,874 INFO: Starting epoch 23/50 (44.0% complete)
2025-04-23 15:36:19,959 INFO:   Epoch 23: batch 7/76 (9.2%) done
2025-04-23 15:36:21,004 INFO:   Epoch 23: batch 14/76 (18.4%) done
2025-04-23 15:36:22,052 INFO:   Epoch 23: batch 21/76 (27.6%) done
2025-04-23 15:36:23,093 INFO:   Epoch 23: batch 28/76 (36.8%) done
2025-04-23 15:36:24,141 INFO:   Epoch 23: batch 35/76 (46.1%) done
2025-04-23 15:36:25,184 INFO:   Epoch 23: batch 42/76 (55.3%) done
2025-04-23 15:36:26,234 INFO:   Epoch 23: batch 49/76 (64.5%) done
2025-04-23 15:36:27,285 INFO:   Epoch 23: batch 56/76 (73.7%) done
2025-04-23 15:36:28,332 INFO:   Epoch 23: batch 63/76 (82.9%) done
2025-04-23 15:36:29,393 INFO:   Epoch 23: batch 70/76 (92.1%) done
2025-04-23 15:36:30,439 INFO: Epoch 23/50 complete: Train Loss 0.9195, Val Loss 1.6578, Val Acc 0.4267
2025-04-23 15:36:30,439 INFO: Epoch 23: no improvement (best val_loss 1.5548)
2025-04-23 15:36:30,439 INFO: Starting epoch 24/50 (46.0% complete)
2025-04-23 15:36:31,493 INFO:   Epoch 24: batch 7/76 (9.2%) done
2025-04-23 15:36:32,541 INFO:   Epoch 24: batch 14/76 (18.4%) done
2025-04-23 15:36:33,661 INFO:   Epoch 24: batch 21/76 (27.6%) done
2025-04-23 15:36:34,745 INFO:   Epoch 24: batch 28/76 (36.8%) done
2025-04-23 15:36:35,790 INFO:   Epoch 24: batch 35/76 (46.1%) done
2025-04-23 15:36:36,842 INFO:   Epoch 24: batch 42/76 (55.3%) done
2025-04-23 15:36:37,894 INFO:   Epoch 24: batch 49/76 (64.5%) done
2025-04-23 15:36:38,952 INFO:   Epoch 24: batch 56/76 (73.7%) done
2025-04-23 15:36:40,008 INFO:   Epoch 24: batch 63/76 (82.9%) done
2025-04-23 15:36:41,092 INFO:   Epoch 24: batch 70/76 (92.1%) done
2025-04-23 15:36:42,156 INFO: Epoch 24/50 complete: Train Loss 0.9034, Val Loss 1.6505, Val Acc 0.4314
2025-04-23 15:36:42,157 INFO: Epoch 24: no improvement (best val_loss 1.5548)
2025-04-23 15:36:42,157 INFO: Starting epoch 25/50 (48.0% complete)
2025-04-23 15:36:43,204 INFO:   Epoch 25: batch 7/76 (9.2%) done
2025-04-23 15:36:44,254 INFO:   Epoch 25: batch 14/76 (18.4%) done
2025-04-23 15:36:45,299 INFO:   Epoch 25: batch 21/76 (27.6%) done
2025-04-23 15:36:46,361 INFO:   Epoch 25: batch 28/76 (36.8%) done
2025-04-23 15:36:47,408 INFO:   Epoch 25: batch 35/76 (46.1%) done
2025-04-23 15:36:48,456 INFO:   Epoch 25: batch 42/76 (55.3%) done
2025-04-23 15:36:49,547 INFO:   Epoch 25: batch 49/76 (64.5%) done
2025-04-23 15:36:50,606 INFO:   Epoch 25: batch 56/76 (73.7%) done
2025-04-23 15:36:51,721 INFO:   Epoch 25: batch 63/76 (82.9%) done
2025-04-23 15:36:53,406 INFO:   Epoch 25: batch 70/76 (92.1%) done
2025-04-23 15:36:54,480 INFO: Epoch 25/50 complete: Train Loss 0.8994, Val Loss 1.7608, Val Acc 0.4258
2025-04-23 15:36:54,480 INFO: Epoch 25: no improvement (best val_loss 1.5548)
2025-04-23 15:36:54,480 INFO: Starting epoch 26/50 (50.0% complete)
2025-04-23 15:36:55,521 INFO:   Epoch 26: batch 7/76 (9.2%) done
2025-04-23 15:36:56,576 INFO:   Epoch 26: batch 14/76 (18.4%) done
2025-04-23 15:36:57,630 INFO:   Epoch 26: batch 21/76 (27.6%) done
2025-04-23 15:36:58,758 INFO:   Epoch 26: batch 28/76 (36.8%) done
2025-04-23 15:36:59,890 INFO:   Epoch 26: batch 35/76 (46.1%) done
2025-04-23 15:37:00,935 INFO:   Epoch 26: batch 42/76 (55.3%) done
2025-04-23 15:37:02,052 INFO:   Epoch 26: batch 49/76 (64.5%) done
2025-04-23 15:37:03,185 INFO:   Epoch 26: batch 56/76 (73.7%) done
2025-04-23 15:37:04,248 INFO:   Epoch 26: batch 63/76 (82.9%) done
2025-04-23 15:37:05,337 INFO:   Epoch 26: batch 70/76 (92.1%) done
2025-04-23 15:37:06,384 INFO: Epoch 26/50 complete: Train Loss 0.8817, Val Loss 1.7089, Val Acc 0.4398
2025-04-23 15:37:06,385 INFO: Epoch 26: no improvement (best val_loss 1.5548)
2025-04-23 15:37:06,385 INFO: Starting epoch 27/50 (52.0% complete)
2025-04-23 15:37:07,443 INFO:   Epoch 27: batch 7/76 (9.2%) done
2025-04-23 15:37:08,673 INFO:   Epoch 27: batch 14/76 (18.4%) done
2025-04-23 15:37:09,708 INFO:   Epoch 27: batch 21/76 (27.6%) done
2025-04-23 15:37:10,744 INFO:   Epoch 27: batch 28/76 (36.8%) done
2025-04-23 15:37:11,784 INFO:   Epoch 27: batch 35/76 (46.1%) done
2025-04-23 15:37:12,853 INFO:   Epoch 27: batch 42/76 (55.3%) done
2025-04-23 15:37:13,888 INFO:   Epoch 27: batch 49/76 (64.5%) done
2025-04-23 15:37:14,930 INFO:   Epoch 27: batch 56/76 (73.7%) done
2025-04-23 15:37:15,974 INFO:   Epoch 27: batch 63/76 (82.9%) done
2025-04-23 15:37:17,019 INFO:   Epoch 27: batch 70/76 (92.1%) done
2025-04-23 15:37:18,062 INFO: Epoch 27/50 complete: Train Loss 0.8317, Val Loss 1.7939, Val Acc 0.4379
2025-04-23 15:37:18,062 INFO: Epoch 27: no improvement (best val_loss 1.5548)
2025-04-23 15:37:18,062 INFO: Starting epoch 28/50 (54.0% complete)
2025-04-23 15:37:19,124 INFO:   Epoch 28: batch 7/76 (9.2%) done
2025-04-23 15:37:20,186 INFO:   Epoch 28: batch 14/76 (18.4%) done
2025-04-23 15:37:21,227 INFO:   Epoch 28: batch 21/76 (27.6%) done
2025-04-23 15:37:22,271 INFO:   Epoch 28: batch 28/76 (36.8%) done
2025-04-23 15:37:23,310 INFO:   Epoch 28: batch 35/76 (46.1%) done
2025-04-23 15:37:24,354 INFO:   Epoch 28: batch 42/76 (55.3%) done
2025-04-23 15:37:25,396 INFO:   Epoch 28: batch 49/76 (64.5%) done
2025-04-23 15:37:26,437 INFO:   Epoch 28: batch 56/76 (73.7%) done
2025-04-23 15:37:27,473 INFO:   Epoch 28: batch 63/76 (82.9%) done
2025-04-23 15:37:28,511 INFO:   Epoch 28: batch 70/76 (92.1%) done
2025-04-23 15:37:29,567 INFO: Epoch 28/50 complete: Train Loss 0.8063, Val Loss 1.8141, Val Acc 0.4370
2025-04-23 15:37:29,568 INFO: Epoch 28: no improvement (best val_loss 1.5548)
2025-04-23 15:37:29,568 INFO: Starting epoch 29/50 (56.0% complete)
2025-04-23 15:37:30,632 INFO:   Epoch 29: batch 7/76 (9.2%) done
2025-04-23 15:37:31,685 INFO:   Epoch 29: batch 14/76 (18.4%) done
2025-04-23 15:37:32,736 INFO:   Epoch 29: batch 21/76 (27.6%) done
2025-04-23 15:37:33,791 INFO:   Epoch 29: batch 28/76 (36.8%) done
2025-04-23 15:37:34,872 INFO:   Epoch 29: batch 35/76 (46.1%) done
2025-04-23 15:37:35,914 INFO:   Epoch 29: batch 42/76 (55.3%) done
2025-04-23 15:37:36,961 INFO:   Epoch 29: batch 49/76 (64.5%) done
2025-04-23 15:37:37,998 INFO:   Epoch 29: batch 56/76 (73.7%) done
2025-04-23 15:37:39,043 INFO:   Epoch 29: batch 63/76 (82.9%) done
2025-04-23 15:37:40,083 INFO:   Epoch 29: batch 70/76 (92.1%) done
2025-04-23 15:37:41,130 INFO: Epoch 29/50 complete: Train Loss 0.8006, Val Loss 1.8052, Val Acc 0.4295
2025-04-23 15:37:41,130 INFO: Epoch 29: no improvement (best val_loss 1.5548)
2025-04-23 15:37:41,131 INFO: Starting epoch 30/50 (58.0% complete)
2025-04-23 15:37:42,781 INFO:   Epoch 30: batch 7/76 (9.2%) done
2025-04-23 15:37:43,918 INFO:   Epoch 30: batch 14/76 (18.4%) done
2025-04-23 15:37:44,967 INFO:   Epoch 30: batch 21/76 (27.6%) done
2025-04-23 15:37:46,005 INFO:   Epoch 30: batch 28/76 (36.8%) done
2025-04-23 15:37:47,099 INFO:   Epoch 30: batch 35/76 (46.1%) done
2025-04-23 15:37:48,547 INFO:   Epoch 30: batch 42/76 (55.3%) done
2025-04-23 15:37:49,994 INFO:   Epoch 30: batch 49/76 (64.5%) done
2025-04-23 15:37:51,036 INFO:   Epoch 30: batch 56/76 (73.7%) done
2025-04-23 15:37:52,281 INFO:   Epoch 30: batch 63/76 (82.9%) done
2025-04-23 15:37:53,705 INFO:   Epoch 30: batch 70/76 (92.1%) done
2025-04-23 15:37:55,211 INFO: Epoch 30/50 complete: Train Loss 0.8015, Val Loss 1.8997, Val Acc 0.4351
2025-04-23 15:37:55,212 INFO: Epoch 30: no improvement (best val_loss 1.5548)
2025-04-23 15:37:55,212 INFO: Starting epoch 31/50 (60.0% complete)
2025-04-23 15:37:56,331 INFO:   Epoch 31: batch 7/76 (9.2%) done
2025-04-23 15:37:57,423 INFO:   Epoch 31: batch 14/76 (18.4%) done
2025-04-23 15:37:58,567 INFO:   Epoch 31: batch 21/76 (27.6%) done
2025-04-23 15:37:59,634 INFO:   Epoch 31: batch 28/76 (36.8%) done
2025-04-23 15:38:00,707 INFO:   Epoch 31: batch 35/76 (46.1%) done
2025-04-23 15:38:01,899 INFO:   Epoch 31: batch 42/76 (55.3%) done
2025-04-23 15:38:02,972 INFO:   Epoch 31: batch 49/76 (64.5%) done
2025-04-23 15:38:04,320 INFO:   Epoch 31: batch 56/76 (73.7%) done
2025-04-23 15:38:05,389 INFO:   Epoch 31: batch 63/76 (82.9%) done
2025-04-23 15:38:06,434 INFO:   Epoch 31: batch 70/76 (92.1%) done
2025-04-23 15:38:07,524 INFO: Epoch 31/50 complete: Train Loss 0.7899, Val Loss 1.8006, Val Acc 0.4398
2025-04-23 15:38:07,524 INFO: Epoch 31: no improvement (best val_loss 1.5548)
2025-04-23 15:38:07,524 INFO: Starting epoch 32/50 (62.0% complete)
2025-04-23 15:38:08,577 INFO:   Epoch 32: batch 7/76 (9.2%) done
2025-04-23 15:38:10,619 INFO:   Epoch 32: batch 14/76 (18.4%) done
2025-04-23 15:38:11,659 INFO:   Epoch 32: batch 21/76 (27.6%) done
2025-04-23 15:38:12,792 INFO:   Epoch 32: batch 28/76 (36.8%) done
2025-04-23 15:38:13,831 INFO:   Epoch 32: batch 35/76 (46.1%) done
2025-04-23 15:38:14,876 INFO:   Epoch 32: batch 42/76 (55.3%) done
2025-04-23 15:38:15,940 INFO:   Epoch 32: batch 49/76 (64.5%) done
2025-04-23 15:38:16,981 INFO:   Epoch 32: batch 56/76 (73.7%) done
2025-04-23 15:38:18,110 INFO:   Epoch 32: batch 63/76 (82.9%) done
2025-04-23 15:38:19,201 INFO:   Epoch 32: batch 70/76 (92.1%) done
2025-04-23 15:38:20,266 INFO: Epoch 32/50 complete: Train Loss 0.7874, Val Loss 1.8748, Val Acc 0.4370
2025-04-23 15:38:20,266 INFO: Epoch 32: no improvement (best val_loss 1.5548)
2025-04-23 15:38:20,266 INFO: Starting epoch 33/50 (64.0% complete)
2025-04-23 15:38:21,344 INFO:   Epoch 33: batch 7/76 (9.2%) done
2025-04-23 15:38:22,416 INFO:   Epoch 33: batch 14/76 (18.4%) done
2025-04-23 15:38:23,478 INFO:   Epoch 33: batch 21/76 (27.6%) done
2025-04-23 15:38:24,562 INFO:   Epoch 33: batch 28/76 (36.8%) done
2025-04-23 15:38:25,639 INFO:   Epoch 33: batch 35/76 (46.1%) done
2025-04-23 15:38:26,684 INFO:   Epoch 33: batch 42/76 (55.3%) done
2025-04-23 15:38:27,752 INFO:   Epoch 33: batch 49/76 (64.5%) done
2025-04-23 15:38:28,872 INFO:   Epoch 33: batch 56/76 (73.7%) done
2025-04-23 15:38:29,944 INFO:   Epoch 33: batch 63/76 (82.9%) done
2025-04-23 15:38:31,002 INFO:   Epoch 33: batch 70/76 (92.1%) done
2025-04-23 15:38:32,111 INFO: Epoch 33/50 complete: Train Loss 0.7580, Val Loss 1.9408, Val Acc 0.4295
2025-04-23 15:38:32,112 INFO: Epoch 33: no improvement (best val_loss 1.5548)
2025-04-23 15:38:32,112 INFO: Starting epoch 34/50 (66.0% complete)
2025-04-23 15:38:33,158 INFO:   Epoch 34: batch 7/76 (9.2%) done
2025-04-23 15:38:34,317 INFO:   Epoch 34: batch 14/76 (18.4%) done
2025-04-23 15:38:35,378 INFO:   Epoch 34: batch 21/76 (27.6%) done
2025-04-23 15:38:36,449 INFO:   Epoch 34: batch 28/76 (36.8%) done
2025-04-23 15:38:37,505 INFO:   Epoch 34: batch 35/76 (46.1%) done
2025-04-23 15:38:38,543 INFO:   Epoch 34: batch 42/76 (55.3%) done
2025-04-23 15:38:39,587 INFO:   Epoch 34: batch 49/76 (64.5%) done
2025-04-23 15:38:40,634 INFO:   Epoch 34: batch 56/76 (73.7%) done
2025-04-23 15:38:41,690 INFO:   Epoch 34: batch 63/76 (82.9%) done
2025-04-23 15:38:42,722 INFO:   Epoch 34: batch 70/76 (92.1%) done
2025-04-23 15:38:43,766 INFO: Epoch 34/50 complete: Train Loss 0.7404, Val Loss 1.9633, Val Acc 0.4360
2025-04-23 15:38:43,767 INFO: Epoch 34: no improvement (best val_loss 1.5548)
2025-04-23 15:38:43,767 INFO: Starting epoch 35/50 (68.0% complete)
2025-04-23 15:38:44,815 INFO:   Epoch 35: batch 7/76 (9.2%) done
2025-04-23 15:38:45,878 INFO:   Epoch 35: batch 14/76 (18.4%) done
2025-04-23 15:38:46,943 INFO:   Epoch 35: batch 21/76 (27.6%) done
2025-04-23 15:38:47,987 INFO:   Epoch 35: batch 28/76 (36.8%) done
2025-04-23 15:38:49,034 INFO:   Epoch 35: batch 35/76 (46.1%) done
2025-04-23 15:38:50,088 INFO:   Epoch 35: batch 42/76 (55.3%) done
2025-04-23 15:38:51,129 INFO:   Epoch 35: batch 49/76 (64.5%) done
2025-04-23 15:38:52,171 INFO:   Epoch 35: batch 56/76 (73.7%) done
2025-04-23 15:38:54,123 INFO:   Epoch 35: batch 63/76 (82.9%) done
2025-04-23 15:38:55,486 INFO:   Epoch 35: batch 70/76 (92.1%) done
2025-04-23 15:38:57,255 INFO: Epoch 35/50 complete: Train Loss 0.7450, Val Loss 1.9661, Val Acc 0.4351
2025-04-23 15:38:57,256 INFO: Epoch 35: no improvement (best val_loss 1.5548)
2025-04-23 15:38:57,256 INFO: Starting epoch 36/50 (70.0% complete)
2025-04-23 15:38:58,618 INFO:   Epoch 36: batch 7/76 (9.2%) done
2025-04-23 15:38:59,999 INFO:   Epoch 36: batch 14/76 (18.4%) done
2025-04-23 15:39:01,036 INFO:   Epoch 36: batch 21/76 (27.6%) done
2025-04-23 15:39:02,112 INFO:   Epoch 36: batch 28/76 (36.8%) done
2025-04-23 15:39:03,150 INFO:   Epoch 36: batch 35/76 (46.1%) done
2025-04-23 15:39:04,219 INFO:   Epoch 36: batch 42/76 (55.3%) done
2025-04-23 15:39:05,292 INFO:   Epoch 36: batch 49/76 (64.5%) done
2025-04-23 15:39:06,328 INFO:   Epoch 36: batch 56/76 (73.7%) done
2025-04-23 15:39:07,369 INFO:   Epoch 36: batch 63/76 (82.9%) done
2025-04-23 15:39:08,416 INFO:   Epoch 36: batch 70/76 (92.1%) done
2025-04-23 15:39:09,467 INFO: Epoch 36/50 complete: Train Loss 0.7439, Val Loss 2.0034, Val Acc 0.4267
2025-04-23 15:39:09,468 INFO: Epoch 36: no improvement (best val_loss 1.5548)
2025-04-23 15:39:09,468 INFO: Starting epoch 37/50 (72.0% complete)
2025-04-23 15:39:10,543 INFO:   Epoch 37: batch 7/76 (9.2%) done
2025-04-23 15:39:11,581 INFO:   Epoch 37: batch 14/76 (18.4%) done
2025-04-23 15:39:12,688 INFO:   Epoch 37: batch 21/76 (27.6%) done
2025-04-23 15:39:13,756 INFO:   Epoch 37: batch 28/76 (36.8%) done
2025-04-23 15:39:14,793 INFO:   Epoch 37: batch 35/76 (46.1%) done
2025-04-23 15:39:15,832 INFO:   Epoch 37: batch 42/76 (55.3%) done
2025-04-23 15:39:16,877 INFO:   Epoch 37: batch 49/76 (64.5%) done
2025-04-23 15:39:17,916 INFO:   Epoch 37: batch 56/76 (73.7%) done
2025-04-23 15:39:18,974 INFO:   Epoch 37: batch 63/76 (82.9%) done
2025-04-23 15:39:20,040 INFO:   Epoch 37: batch 70/76 (92.1%) done
2025-04-23 15:39:21,087 INFO: Epoch 37/50 complete: Train Loss 0.7403, Val Loss 2.0165, Val Acc 0.4248
2025-04-23 15:39:21,087 INFO: Epoch 37: no improvement (best val_loss 1.5548)
2025-04-23 15:39:21,087 INFO: Starting epoch 38/50 (74.0% complete)
2025-04-23 15:39:22,190 INFO:   Epoch 38: batch 7/76 (9.2%) done
2025-04-23 15:39:23,272 INFO:   Epoch 38: batch 14/76 (18.4%) done
2025-04-23 15:39:24,314 INFO:   Epoch 38: batch 21/76 (27.6%) done
2025-04-23 15:39:25,351 INFO:   Epoch 38: batch 28/76 (36.8%) done
2025-04-23 15:39:26,383 INFO:   Epoch 38: batch 35/76 (46.1%) done
2025-04-23 15:39:27,424 INFO:   Epoch 38: batch 42/76 (55.3%) done
2025-04-23 15:39:28,470 INFO:   Epoch 38: batch 49/76 (64.5%) done
2025-04-23 15:39:29,515 INFO:   Epoch 38: batch 56/76 (73.7%) done
2025-04-23 15:39:30,560 INFO:   Epoch 38: batch 63/76 (82.9%) done
2025-04-23 15:39:31,604 INFO:   Epoch 38: batch 70/76 (92.1%) done
2025-04-23 15:39:32,650 INFO: Epoch 38/50 complete: Train Loss 0.7393, Val Loss 2.0254, Val Acc 0.4323
2025-04-23 15:39:32,650 INFO: Epoch 38: no improvement (best val_loss 1.5548)
2025-04-23 15:39:32,650 INFO: Starting epoch 39/50 (76.0% complete)
2025-04-23 15:39:33,696 INFO:   Epoch 39: batch 7/76 (9.2%) done
2025-04-23 15:39:34,783 INFO:   Epoch 39: batch 14/76 (18.4%) done
2025-04-23 15:39:35,822 INFO:   Epoch 39: batch 21/76 (27.6%) done
2025-04-23 15:39:36,857 INFO:   Epoch 39: batch 28/76 (36.8%) done
2025-04-23 15:39:37,906 INFO:   Epoch 39: batch 35/76 (46.1%) done
2025-04-23 15:39:38,951 INFO:   Epoch 39: batch 42/76 (55.3%) done
2025-04-23 15:39:39,994 INFO:   Epoch 39: batch 49/76 (64.5%) done
2025-04-23 15:39:41,035 INFO:   Epoch 39: batch 56/76 (73.7%) done
2025-04-23 15:39:42,081 INFO:   Epoch 39: batch 63/76 (82.9%) done
2025-04-23 15:39:43,124 INFO:   Epoch 39: batch 70/76 (92.1%) done
2025-04-23 15:39:44,174 INFO: Epoch 39/50 complete: Train Loss 0.7190, Val Loss 2.0705, Val Acc 0.4230
2025-04-23 15:39:44,174 INFO: Epoch 39: no improvement (best val_loss 1.5548)
2025-04-23 15:39:44,174 INFO: Starting epoch 40/50 (78.0% complete)
2025-04-23 15:39:45,213 INFO:   Epoch 40: batch 7/76 (9.2%) done
2025-04-23 15:39:46,268 INFO:   Epoch 40: batch 14/76 (18.4%) done
2025-04-23 15:39:47,306 INFO:   Epoch 40: batch 21/76 (27.6%) done
2025-04-23 15:39:48,343 INFO:   Epoch 40: batch 28/76 (36.8%) done
2025-04-23 15:39:49,407 INFO:   Epoch 40: batch 35/76 (46.1%) done
2025-04-23 15:39:50,455 INFO:   Epoch 40: batch 42/76 (55.3%) done
2025-04-23 15:39:51,562 INFO:   Epoch 40: batch 49/76 (64.5%) done
2025-04-23 15:39:52,605 INFO:   Epoch 40: batch 56/76 (73.7%) done
2025-04-23 15:39:53,653 INFO:   Epoch 40: batch 63/76 (82.9%) done
2025-04-23 15:39:54,693 INFO:   Epoch 40: batch 70/76 (92.1%) done
2025-04-23 15:39:55,748 INFO: Epoch 40/50 complete: Train Loss 0.7210, Val Loss 2.0643, Val Acc 0.4267
2025-04-23 15:39:55,748 INFO: Epoch 40: no improvement (best val_loss 1.5548)
2025-04-23 15:39:55,748 INFO: Starting epoch 41/50 (80.0% complete)
2025-04-23 15:39:56,794 INFO:   Epoch 41: batch 7/76 (9.2%) done
2025-04-23 15:39:57,836 INFO:   Epoch 41: batch 14/76 (18.4%) done
2025-04-23 15:39:58,883 INFO:   Epoch 41: batch 21/76 (27.6%) done
2025-04-23 15:39:59,949 INFO:   Epoch 41: batch 28/76 (36.8%) done
2025-04-23 15:40:00,999 INFO:   Epoch 41: batch 35/76 (46.1%) done
2025-04-23 15:40:02,097 INFO:   Epoch 41: batch 42/76 (55.3%) done
2025-04-23 15:40:03,176 INFO:   Epoch 41: batch 49/76 (64.5%) done
2025-04-23 15:40:04,246 INFO:   Epoch 41: batch 56/76 (73.7%) done
2025-04-23 15:40:05,313 INFO:   Epoch 41: batch 63/76 (82.9%) done
2025-04-23 15:40:06,354 INFO:   Epoch 41: batch 70/76 (92.1%) done
2025-04-23 15:40:07,410 INFO: Epoch 41/50 complete: Train Loss 0.7159, Val Loss 2.0595, Val Acc 0.4211
2025-04-23 15:40:07,410 INFO: Epoch 41: no improvement (best val_loss 1.5548)
2025-04-23 15:40:07,410 INFO: Starting epoch 42/50 (82.0% complete)
2025-04-23 15:40:08,456 INFO:   Epoch 42: batch 7/76 (9.2%) done
2025-04-23 15:40:09,504 INFO:   Epoch 42: batch 14/76 (18.4%) done
2025-04-23 15:40:10,550 INFO:   Epoch 42: batch 21/76 (27.6%) done
2025-04-23 15:40:11,598 INFO:   Epoch 42: batch 28/76 (36.8%) done
2025-04-23 15:40:12,636 INFO:   Epoch 42: batch 35/76 (46.1%) done
2025-04-23 15:40:13,679 INFO:   Epoch 42: batch 42/76 (55.3%) done
2025-04-23 15:40:14,727 INFO:   Epoch 42: batch 49/76 (64.5%) done
2025-04-23 15:40:15,812 INFO:   Epoch 42: batch 56/76 (73.7%) done
2025-04-23 15:40:16,856 INFO:   Epoch 42: batch 63/76 (82.9%) done
2025-04-23 15:40:17,919 INFO:   Epoch 42: batch 70/76 (92.1%) done
2025-04-23 15:40:18,982 INFO: Epoch 42/50 complete: Train Loss 0.7121, Val Loss 2.0660, Val Acc 0.4220
2025-04-23 15:40:18,982 INFO: Epoch 42: no improvement (best val_loss 1.5548)
2025-04-23 15:40:18,982 INFO: Starting epoch 43/50 (84.0% complete)
2025-04-23 15:40:20,045 INFO:   Epoch 43: batch 7/76 (9.2%) done
2025-04-23 15:40:21,089 INFO:   Epoch 43: batch 14/76 (18.4%) done
2025-04-23 15:40:22,133 INFO:   Epoch 43: batch 21/76 (27.6%) done
2025-04-23 15:40:23,240 INFO:   Epoch 43: batch 28/76 (36.8%) done
2025-04-23 15:40:24,304 INFO:   Epoch 43: batch 35/76 (46.1%) done
2025-04-23 15:40:25,346 INFO:   Epoch 43: batch 42/76 (55.3%) done
2025-04-23 15:40:26,449 INFO:   Epoch 43: batch 49/76 (64.5%) done
2025-04-23 15:40:27,488 INFO:   Epoch 43: batch 56/76 (73.7%) done
2025-04-23 15:40:28,532 INFO:   Epoch 43: batch 63/76 (82.9%) done
2025-04-23 15:40:29,687 INFO:   Epoch 43: batch 70/76 (92.1%) done
2025-04-23 15:40:30,735 INFO: Epoch 43/50 complete: Train Loss 0.7105, Val Loss 2.0910, Val Acc 0.4286
2025-04-23 15:40:30,735 INFO: Epoch 43: no improvement (best val_loss 1.5548)
2025-04-23 15:40:30,735 INFO: Starting epoch 44/50 (86.0% complete)
2025-04-23 15:40:31,774 INFO:   Epoch 44: batch 7/76 (9.2%) done
2025-04-23 15:40:32,815 INFO:   Epoch 44: batch 14/76 (18.4%) done
2025-04-23 15:40:33,930 INFO:   Epoch 44: batch 21/76 (27.6%) done
2025-04-23 15:40:35,186 INFO:   Epoch 44: batch 28/76 (36.8%) done
2025-04-23 15:40:36,264 INFO:   Epoch 44: batch 35/76 (46.1%) done
2025-04-23 15:40:37,307 INFO:   Epoch 44: batch 42/76 (55.3%) done
2025-04-23 15:40:38,351 INFO:   Epoch 44: batch 49/76 (64.5%) done
2025-04-23 15:40:39,393 INFO:   Epoch 44: batch 56/76 (73.7%) done
2025-04-23 15:40:40,436 INFO:   Epoch 44: batch 63/76 (82.9%) done
2025-04-23 15:40:41,674 INFO:   Epoch 44: batch 70/76 (92.1%) done
2025-04-23 15:40:42,854 INFO: Epoch 44/50 complete: Train Loss 0.7140, Val Loss 2.0813, Val Acc 0.4323
2025-04-23 15:40:42,854 INFO: Epoch 44: no improvement (best val_loss 1.5548)
2025-04-23 15:40:42,854 INFO: Starting epoch 45/50 (88.0% complete)
2025-04-23 15:40:43,929 INFO:   Epoch 45: batch 7/76 (9.2%) done
2025-04-23 15:40:44,942 INFO:   Epoch 45: batch 14/76 (18.4%) done
2025-04-23 15:40:46,016 INFO:   Epoch 45: batch 21/76 (27.6%) done
2025-04-23 15:40:47,159 INFO:   Epoch 45: batch 28/76 (36.8%) done
2025-04-23 15:40:48,195 INFO:   Epoch 45: batch 35/76 (46.1%) done
2025-04-23 15:40:49,254 INFO:   Epoch 45: batch 42/76 (55.3%) done
2025-04-23 15:40:50,314 INFO:   Epoch 45: batch 49/76 (64.5%) done
2025-04-23 15:40:51,355 INFO:   Epoch 45: batch 56/76 (73.7%) done
2025-04-23 15:40:52,399 INFO:   Epoch 45: batch 63/76 (82.9%) done
2025-04-23 15:40:53,442 INFO:   Epoch 45: batch 70/76 (92.1%) done
2025-04-23 15:40:54,490 INFO: Epoch 45/50 complete: Train Loss 0.7039, Val Loss 2.0808, Val Acc 0.4220
2025-04-23 15:40:54,490 INFO: Epoch 45: no improvement (best val_loss 1.5548)
2025-04-23 15:40:54,490 INFO: Starting epoch 46/50 (90.0% complete)
2025-04-23 15:40:55,567 INFO:   Epoch 46: batch 7/76 (9.2%) done
2025-04-23 15:40:56,671 INFO:   Epoch 46: batch 14/76 (18.4%) done
2025-04-23 15:40:57,712 INFO:   Epoch 46: batch 21/76 (27.6%) done
2025-04-23 15:40:58,769 INFO:   Epoch 46: batch 28/76 (36.8%) done
2025-04-23 15:40:59,816 INFO:   Epoch 46: batch 35/76 (46.1%) done
2025-04-23 15:41:00,862 INFO:   Epoch 46: batch 42/76 (55.3%) done
2025-04-23 15:41:01,954 INFO:   Epoch 46: batch 49/76 (64.5%) done
2025-04-23 15:41:03,002 INFO:   Epoch 46: batch 56/76 (73.7%) done
2025-04-23 15:41:04,071 INFO:   Epoch 46: batch 63/76 (82.9%) done
2025-04-23 15:41:05,185 INFO:   Epoch 46: batch 70/76 (92.1%) done
2025-04-23 15:41:06,244 INFO: Epoch 46/50 complete: Train Loss 0.6973, Val Loss 2.1311, Val Acc 0.4276
2025-04-23 15:41:06,244 INFO: Epoch 46: no improvement (best val_loss 1.5548)
2025-04-23 15:41:06,244 INFO: Starting epoch 47/50 (92.0% complete)
2025-04-23 15:41:07,289 INFO:   Epoch 47: batch 7/76 (9.2%) done
2025-04-23 15:41:08,328 INFO:   Epoch 47: batch 14/76 (18.4%) done
2025-04-23 15:41:09,375 INFO:   Epoch 47: batch 21/76 (27.6%) done
2025-04-23 15:41:10,416 INFO:   Epoch 47: batch 28/76 (36.8%) done
2025-04-23 15:41:11,460 INFO:   Epoch 47: batch 35/76 (46.1%) done
2025-04-23 15:41:12,503 INFO:   Epoch 47: batch 42/76 (55.3%) done
2025-04-23 15:41:13,550 INFO:   Epoch 47: batch 49/76 (64.5%) done
2025-04-23 15:41:14,591 INFO:   Epoch 47: batch 56/76 (73.7%) done
2025-04-23 15:41:15,629 INFO:   Epoch 47: batch 63/76 (82.9%) done
2025-04-23 15:41:16,666 INFO:   Epoch 47: batch 70/76 (92.1%) done
2025-04-23 15:41:17,711 INFO: Epoch 47/50 complete: Train Loss 0.7000, Val Loss 2.1418, Val Acc 0.4239
2025-04-23 15:41:17,712 INFO: Epoch 47: no improvement (best val_loss 1.5548)
2025-04-23 15:41:17,712 INFO: Starting epoch 48/50 (94.0% complete)
2025-04-23 15:41:18,747 INFO:   Epoch 48: batch 7/76 (9.2%) done
2025-04-23 15:41:19,829 INFO:   Epoch 48: batch 14/76 (18.4%) done
2025-04-23 15:41:20,879 INFO:   Epoch 48: batch 21/76 (27.6%) done
2025-04-23 15:41:21,926 INFO:   Epoch 48: batch 28/76 (36.8%) done
2025-04-23 15:41:22,977 INFO:   Epoch 48: batch 35/76 (46.1%) done
2025-04-23 15:41:24,022 INFO:   Epoch 48: batch 42/76 (55.3%) done
2025-04-23 15:41:25,070 INFO:   Epoch 48: batch 49/76 (64.5%) done
2025-04-23 15:41:26,122 INFO:   Epoch 48: batch 56/76 (73.7%) done
2025-04-23 15:41:27,162 INFO:   Epoch 48: batch 63/76 (82.9%) done
2025-04-23 15:41:28,198 INFO:   Epoch 48: batch 70/76 (92.1%) done
2025-04-23 15:41:29,255 INFO: Epoch 48/50 complete: Train Loss 0.7019, Val Loss 2.1195, Val Acc 0.4286
2025-04-23 15:41:29,255 INFO: Epoch 48: no improvement (best val_loss 1.5548)
2025-04-23 15:41:29,255 INFO: Starting epoch 49/50 (96.0% complete)
2025-04-23 15:41:30,279 INFO:   Epoch 49: batch 7/76 (9.2%) done
2025-04-23 15:41:31,326 INFO:   Epoch 49: batch 14/76 (18.4%) done
2025-04-23 15:41:32,367 INFO:   Epoch 49: batch 21/76 (27.6%) done
2025-04-23 15:41:33,403 INFO:   Epoch 49: batch 28/76 (36.8%) done
2025-04-23 15:41:34,487 INFO:   Epoch 49: batch 35/76 (46.1%) done
2025-04-23 15:41:35,530 INFO:   Epoch 49: batch 42/76 (55.3%) done
2025-04-23 15:41:36,571 INFO:   Epoch 49: batch 49/76 (64.5%) done
2025-04-23 15:41:37,617 INFO:   Epoch 49: batch 56/76 (73.7%) done
2025-04-23 15:41:38,665 INFO:   Epoch 49: batch 63/76 (82.9%) done
2025-04-23 15:41:39,709 INFO:   Epoch 49: batch 70/76 (92.1%) done
2025-04-23 15:41:40,748 INFO: Epoch 49/50 complete: Train Loss 0.7040, Val Loss 2.1230, Val Acc 0.4248
2025-04-23 15:41:40,748 INFO: Epoch 49: no improvement (best val_loss 1.5548)
2025-04-23 15:41:40,748 INFO: Starting epoch 50/50 (98.0% complete)
2025-04-23 15:41:41,794 INFO:   Epoch 50: batch 7/76 (9.2%) done
2025-04-23 15:41:42,837 INFO:   Epoch 50: batch 14/76 (18.4%) done
2025-04-23 15:41:43,883 INFO:   Epoch 50: batch 21/76 (27.6%) done
2025-04-23 15:41:44,920 INFO:   Epoch 50: batch 28/76 (36.8%) done
2025-04-23 15:41:45,968 INFO:   Epoch 50: batch 35/76 (46.1%) done
2025-04-23 15:41:47,008 INFO:   Epoch 50: batch 42/76 (55.3%) done
2025-04-23 15:41:48,052 INFO:   Epoch 50: batch 49/76 (64.5%) done
2025-04-23 15:41:49,103 INFO:   Epoch 50: batch 56/76 (73.7%) done
2025-04-23 15:41:50,164 INFO:   Epoch 50: batch 63/76 (82.9%) done
2025-04-23 15:41:51,202 INFO:   Epoch 50: batch 70/76 (92.1%) done
2025-04-23 15:41:52,251 INFO: Epoch 50/50 complete: Train Loss 0.7002, Val Loss 2.1418, Val Acc 0.4230
2025-04-23 15:41:52,251 INFO: Epoch 50: no improvement (best val_loss 1.5548)
2025-04-23 15:41:52,253 INFO: Training complete. Best model saved to ../models/best_policy_net.pt.
2025-04-24 00:30:06,801 INFO: Using device: cpu
